{"/home/taiana/Área de Trabalho/Driven/Projetos/projeto_autoral_backend/src/app.ts": {"path":"/home/taiana/Área de Trabalho/Driven/Projetos/projeto_autoral_backend/src/app.ts","statementMap":{"0":{"start":{"line":1,"column":0},"end":{"line":1,"column":43}},"1":{"start":{"line":2,"column":0},"end":{"line":2,"column":24}},"2":{"start":{"line":3,"column":0},"end":{"line":3,"column":60}},"3":{"start":{"line":4,"column":0},"end":{"line":4,"column":null}},"4":{"start":{"line":14,"column":0},"end":{"line":14,"column":72}},"5":{"start":{"line":16,"column":0},"end":{"line":16,"column":10}},"6":{"start":{"line":18,"column":12},"end":{"line":18,"column":21}},"7":{"start":{"line":19,"column":0},"end":{"line":30,"column":32}},"8":{"start":{"line":33,"column":2},"end":{"line":33,"column":14}},"9":{"start":{"line":34,"column":2},"end":{"line":34,"column":30}},"10":{"start":{"line":32,"column":0},"end":{"line":32,"column":16}},"11":{"start":{"line":38,"column":2},"end":{"line":38,"column":23}},"12":{"start":{"line":37,"column":0},"end":{"line":37,"column":7}},"13":{"start":{"line":41,"column":0},"end":{"line":41,"column":19}}},"fnMap":{"0":{"name":"init","decl":{"start":{"line":32,"column":16},"end":{"line":32,"column":20}},"loc":{"start":{"line":32,"column":20},"end":{"line":35,"column":1}}},"1":{"name":"close","decl":{"start":{"line":37,"column":22},"end":{"line":37,"column":27}},"loc":{"start":{"line":37,"column":27},"end":{"line":39,"column":1}}}},"branchMap":{},"s":{"0":2,"1":2,"2":2,"3":2,"4":2,"5":2,"6":2,"7":2,"8":2,"9":2,"10":2,"11":0,"12":2,"13":2},"f":{"0":2,"1":0},"b":{}}
,"/home/taiana/Área de Trabalho/Driven/Projetos/projeto_autoral_backend/src/server.ts": {"path":"/home/taiana/Área de Trabalho/Driven/Projetos/projeto_autoral_backend/src/server.ts","statementMap":{"0":{"start":{"line":1,"column":0},"end":{"line":1,"column":34}},"1":{"start":{"line":3,"column":13},"end":{"line":3,"column":38}},"2":{"start":{"line":5,"column":0},"end":{"line":9,"column":3}},"3":{"start":{"line":6,"column":2},"end":{"line":8,"column":5}},"4":{"start":{"line":7,"column":4},"end":{"line":7,"column":56}}},"fnMap":{"0":{"name":"(anonymous_6)","decl":{"start":{"line":5,"column":12},"end":{"line":5,"column":15}},"loc":{"start":{"line":5,"column":17},"end":{"line":9,"column":1}}},"1":{"name":"(anonymous_7)","decl":{"start":{"line":6,"column":19},"end":{"line":6,"column":22}},"loc":{"start":{"line":6,"column":24},"end":{"line":8,"column":3}}}},"branchMap":{"0":{"loc":{"start":{"line":3,"column":13},"end":{"line":3,"column":38}},"type":"binary-expr","locations":[{"start":{"line":3,"column":13},"end":{"line":3,"column":30}},{"start":{"line":3,"column":34},"end":{"line":3,"column":38}}]}},"s":{"0":0,"1":0,"2":0,"3":0,"4":0},"f":{"0":0,"1":0},"b":{"0":[0,0]}}
,"/home/taiana/Área de Trabalho/Driven/Projetos/projeto_autoral_backend/src/config/database.ts": {"path":"/home/taiana/Área de Trabalho/Driven/Projetos/projeto_autoral_backend/src/config/database.ts","statementMap":{"0":{"start":{"line":1,"column":0},"end":{"line":1,"column":46}},"1":{"start":{"line":5,"column":2},"end":{"line":5,"column":30}},"2":{"start":{"line":4,"column":0},"end":{"line":4,"column":16}},"3":{"start":{"line":9,"column":2},"end":{"line":9,"column":30}},"4":{"start":{"line":8,"column":0},"end":{"line":8,"column":7}}},"fnMap":{"0":{"name":"connectDb","decl":{"start":{"line":4,"column":16},"end":{"line":4,"column":25}},"loc":{"start":{"line":4,"column":25},"end":{"line":6,"column":1}}},"1":{"name":"disconnectDB","decl":{"start":{"line":8,"column":22},"end":{"line":8,"column":34}},"loc":{"start":{"line":8,"column":34},"end":{"line":10,"column":1}}}},"branchMap":{},"s":{"0":2,"1":2,"2":2,"3":0,"4":2},"f":{"0":2,"1":0},"b":{}}
,"/home/taiana/Área de Trabalho/Driven/Projetos/projeto_autoral_backend/src/config/envs.ts": {"path":"/home/taiana/Área de Trabalho/Driven/Projetos/projeto_autoral_backend/src/config/envs.ts","statementMap":{"0":{"start":{"line":1,"column":0},"end":{"line":1,"column":28}},"1":{"start":{"line":2,"column":0},"end":{"line":2,"column":41}},"2":{"start":{"line":6,"column":4},"end":{"line":10,"column":14}},"3":{"start":{"line":12,"column":22},"end":{"line":12,"column":45}},"4":{"start":{"line":13,"column":2},"end":{"line":13,"column":35}},"5":{"start":{"line":4,"column":0},"end":{"line":4,"column":16}}},"fnMap":{"0":{"name":"loadEnv","decl":{"start":{"line":4,"column":16},"end":{"line":4,"column":23}},"loc":{"start":{"line":4,"column":23},"end":{"line":14,"column":1}}}},"branchMap":{"0":{"loc":{"start":{"line":6,"column":4},"end":{"line":10,"column":14}},"type":"cond-expr","locations":[{"start":{"line":7,"column":8},"end":{"line":7,"column":19}},{"start":{"line":8,"column":8},"end":{"line":10,"column":14}}]},"1":{"loc":{"start":{"line":8,"column":8},"end":{"line":10,"column":14}},"type":"cond-expr","locations":[{"start":{"line":9,"column":8},"end":{"line":9,"column":26}},{"start":{"line":10,"column":8},"end":{"line":10,"column":14}}]}},"s":{"0":2,"1":2,"2":4,"3":4,"4":4,"5":2},"f":{"0":4},"b":{"0":[4,0],"1":[0,0]}}
,"/home/taiana/Área de Trabalho/Driven/Projetos/projeto_autoral_backend/src/config/index.ts": {"path":"/home/taiana/Área de Trabalho/Driven/Projetos/projeto_autoral_backend/src/config/index.ts","statementMap":{"0":{"start":{"line":1,"column":0},"end":{"line":1,"column":23}},"1":{"start":{"line":2,"column":0},"end":{"line":2,"column":27}}},"fnMap":{},"branchMap":{},"s":{"0":2,"1":2},"f":{},"b":{}}
,"/home/taiana/Área de Trabalho/Driven/Projetos/projeto_autoral_backend/src/controllers/bookController.ts": {"path":"/home/taiana/Área de Trabalho/Driven/Projetos/projeto_autoral_backend/src/controllers/bookController.ts","statementMap":{"0":{"start":{"line":3,"column":0},"end":{"line":3,"column":53}},"1":{"start":{"line":5,"column":0},"end":{"line":5,"column":37}},"2":{"start":{"line":9,"column":18},"end":{"line":9,"column":28}},"3":{"start":{"line":10,"column":38},"end":{"line":10,"column":58}},"4":{"start":{"line":11,"column":2},"end":{"line":11,"column":84}},"5":{"start":{"line":11,"column":38},"end":{"line":11,"column":84}},"6":{"start":{"line":12,"column":2},"end":{"line":17,"column":null}},"7":{"start":{"line":13,"column":21},"end":{"line":13,"column":83}},"8":{"start":{"line":14,"column":4},"end":{"line":14,"column":57}},"9":{"start":{"line":16,"column":4},"end":{"line":16,"column":16}},"10":{"start":{"line":8,"column":0},"end":{"line":8,"column":7}},"11":{"start":{"line":21,"column":32},"end":{"line":21,"column":40}},"12":{"start":{"line":22,"column":2},"end":{"line":22,"column":78}},"13":{"start":{"line":22,"column":32},"end":{"line":22,"column":78}},"14":{"start":{"line":23,"column":2},"end":{"line":29,"column":null}},"15":{"start":{"line":24,"column":24},"end":{"line":24,"column":71}},"16":{"start":{"line":25,"column":4},"end":{"line":25,"column":55}},"17":{"start":{"line":27,"column":4},"end":{"line":27,"column":null}},"18":{"start":{"line":28,"column":4},"end":{"line":28,"column":16}},"19":{"start":{"line":20,"column":0},"end":{"line":20,"column":7}}},"fnMap":{"0":{"name":"postBook","decl":{"start":{"line":8,"column":22},"end":{"line":8,"column":30}},"loc":{"start":{"line":8,"column":91},"end":{"line":18,"column":1}}},"1":{"name":"updateBook","decl":{"start":{"line":20,"column":22},"end":{"line":20,"column":32}},"loc":{"start":{"line":20,"column":93},"end":{"line":30,"column":1}}}},"branchMap":{"0":{"loc":{"start":{"line":11,"column":2},"end":{"line":11,"column":84}},"type":"if","locations":[{"start":{"line":11,"column":2},"end":{"line":11,"column":84}}]},"1":{"loc":{"start":{"line":11,"column":6},"end":{"line":11,"column":36}},"type":"binary-expr","locations":[{"start":{"line":11,"column":6},"end":{"line":11,"column":12}},{"start":{"line":11,"column":16},"end":{"line":11,"column":23}},{"start":{"line":11,"column":27},"end":{"line":11,"column":36}}]},"2":{"loc":{"start":{"line":22,"column":2},"end":{"line":22,"column":78}},"type":"if","locations":[{"start":{"line":22,"column":2},"end":{"line":22,"column":78}}]},"3":{"loc":{"start":{"line":22,"column":6},"end":{"line":22,"column":30}},"type":"binary-expr","locations":[{"start":{"line":22,"column":6},"end":{"line":22,"column":12}},{"start":{"line":22,"column":16},"end":{"line":22,"column":23}},{"start":{"line":22,"column":27},"end":{"line":22,"column":30}}]}},"s":{"0":2,"1":2,"2":0,"3":0,"4":0,"5":0,"6":0,"7":0,"8":0,"9":0,"10":2,"11":0,"12":0,"13":0,"14":0,"15":0,"16":0,"17":0,"18":0,"19":2},"f":{"0":0,"1":0},"b":{"0":[0],"1":[0,0,0],"2":[0],"3":[0,0,0]}}
,"/home/taiana/Área de Trabalho/Driven/Projetos/projeto_autoral_backend/src/controllers/favoriteController.ts": {"path":"/home/taiana/Área de Trabalho/Driven/Projetos/projeto_autoral_backend/src/controllers/favoriteController.ts","statementMap":{"0":{"start":{"line":2,"column":0},"end":{"line":2,"column":45}},"1":{"start":{"line":4,"column":0},"end":{"line":4,"column":37}},"2":{"start":{"line":7,"column":18},"end":{"line":7,"column":38}},"3":{"start":{"line":8,"column":2},"end":{"line":13,"column":null}},"4":{"start":{"line":9,"column":21},"end":{"line":9,"column":63}},"5":{"start":{"line":10,"column":4},"end":{"line":10,"column":52}},"6":{"start":{"line":12,"column":4},"end":{"line":12,"column":16}},"7":{"start":{"line":6,"column":0},"end":{"line":6,"column":7}},"8":{"start":{"line":17,"column":18},"end":{"line":17,"column":38}},"9":{"start":{"line":18,"column":23},"end":{"line":18,"column":31}},"10":{"start":{"line":19,"column":2},"end":{"line":19,"column":82}},"11":{"start":{"line":19,"column":36},"end":{"line":19,"column":82}},"12":{"start":{"line":21,"column":2},"end":{"line":26,"column":null}},"13":{"start":{"line":22,"column":25},"end":{"line":22,"column":78}},"14":{"start":{"line":23,"column":4},"end":{"line":23,"column":61}},"15":{"start":{"line":25,"column":4},"end":{"line":25,"column":16}},"16":{"start":{"line":16,"column":0},"end":{"line":16,"column":7}},"17":{"start":{"line":30,"column":13},"end":{"line":30,"column":34}},"18":{"start":{"line":31,"column":2},"end":{"line":31,"column":74}},"19":{"start":{"line":31,"column":28},"end":{"line":31,"column":74}},"20":{"start":{"line":33,"column":2},"end":{"line":38,"column":null}},"21":{"start":{"line":34,"column":4},"end":{"line":34,"column":45}},"22":{"start":{"line":35,"column":4},"end":{"line":35,"column":41}},"23":{"start":{"line":37,"column":4},"end":{"line":37,"column":16}},"24":{"start":{"line":29,"column":0},"end":{"line":29,"column":7}}},"fnMap":{"0":{"name":"getFavorite","decl":{"start":{"line":6,"column":22},"end":{"line":6,"column":33}},"loc":{"start":{"line":6,"column":94},"end":{"line":14,"column":1}}},"1":{"name":"postFavorite","decl":{"start":{"line":16,"column":22},"end":{"line":16,"column":34}},"loc":{"start":{"line":16,"column":95},"end":{"line":27,"column":1}}},"2":{"name":"deleteFavorite","decl":{"start":{"line":29,"column":22},"end":{"line":29,"column":36}},"loc":{"start":{"line":29,"column":97},"end":{"line":39,"column":1}}}},"branchMap":{"0":{"loc":{"start":{"line":19,"column":2},"end":{"line":19,"column":82}},"type":"if","locations":[{"start":{"line":19,"column":2},"end":{"line":19,"column":82}}]},"1":{"loc":{"start":{"line":19,"column":6},"end":{"line":19,"column":34}},"type":"binary-expr","locations":[{"start":{"line":19,"column":6},"end":{"line":19,"column":15}},{"start":{"line":19,"column":19},"end":{"line":19,"column":34}}]},"2":{"loc":{"start":{"line":31,"column":2},"end":{"line":31,"column":74}},"type":"if","locations":[{"start":{"line":31,"column":2},"end":{"line":31,"column":74}}]},"3":{"loc":{"start":{"line":31,"column":6},"end":{"line":31,"column":26}},"type":"binary-expr","locations":[{"start":{"line":31,"column":6},"end":{"line":31,"column":15}},{"start":{"line":31,"column":19},"end":{"line":31,"column":26}}]}},"s":{"0":2,"1":2,"2":0,"3":0,"4":0,"5":0,"6":0,"7":2,"8":0,"9":0,"10":0,"11":0,"12":0,"13":0,"14":0,"15":0,"16":2,"17":0,"18":0,"19":0,"20":0,"21":0,"22":0,"23":0,"24":2},"f":{"0":0,"1":0,"2":0},"b":{"0":[0],"1":[0,0],"2":[0],"3":[0,0]}}
,"/home/taiana/Área de Trabalho/Driven/Projetos/projeto_autoral_backend/src/controllers/index.ts": {"path":"/home/taiana/Área de Trabalho/Driven/Projetos/projeto_autoral_backend/src/controllers/index.ts","statementMap":{"0":{"start":{"line":1,"column":0},"end":{"line":1,"column":35}},"1":{"start":{"line":2,"column":0},"end":{"line":2,"column":35}},"2":{"start":{"line":3,"column":0},"end":{"line":3,"column":34}},"3":{"start":{"line":4,"column":0},"end":{"line":4,"column":37}},"4":{"start":{"line":5,"column":0},"end":{"line":5,"column":33}},"5":{"start":{"line":6,"column":0},"end":{"line":6,"column":34}},"6":{"start":{"line":7,"column":0},"end":{"line":7,"column":34}},"7":{"start":{"line":8,"column":0},"end":{"line":8,"column":33}}},"fnMap":{},"branchMap":{},"s":{"0":2,"1":2,"2":2,"3":2,"4":2,"5":2,"6":2,"7":2},"f":{},"b":{}}
,"/home/taiana/Área de Trabalho/Driven/Projetos/projeto_autoral_backend/src/controllers/movieController.ts": {"path":"/home/taiana/Área de Trabalho/Driven/Projetos/projeto_autoral_backend/src/controllers/movieController.ts","statementMap":{"0":{"start":{"line":3,"column":0},"end":{"line":3,"column":42}},"1":{"start":{"line":5,"column":0},"end":{"line":5,"column":37}},"2":{"start":{"line":9,"column":18},"end":{"line":9,"column":28}},"3":{"start":{"line":10,"column":41},"end":{"line":10,"column":62}},"4":{"start":{"line":11,"column":2},"end":{"line":11,"column":87}},"5":{"start":{"line":11,"column":41},"end":{"line":11,"column":87}},"6":{"start":{"line":13,"column":2},"end":{"line":18,"column":null}},"7":{"start":{"line":14,"column":22},"end":{"line":14,"column":89}},"8":{"start":{"line":15,"column":4},"end":{"line":15,"column":58}},"9":{"start":{"line":17,"column":4},"end":{"line":17,"column":16}},"10":{"start":{"line":8,"column":0},"end":{"line":8,"column":7}},"11":{"start":{"line":22,"column":35},"end":{"line":22,"column":43}},"12":{"start":{"line":23,"column":2},"end":{"line":23,"column":81}},"13":{"start":{"line":23,"column":35},"end":{"line":23,"column":81}},"14":{"start":{"line":25,"column":2},"end":{"line":30,"column":null}},"15":{"start":{"line":26,"column":25},"end":{"line":26,"column":77}},"16":{"start":{"line":27,"column":4},"end":{"line":27,"column":56}},"17":{"start":{"line":29,"column":4},"end":{"line":29,"column":16}},"18":{"start":{"line":21,"column":0},"end":{"line":21,"column":7}}},"fnMap":{"0":{"name":"postMovie","decl":{"start":{"line":8,"column":22},"end":{"line":8,"column":31}},"loc":{"start":{"line":8,"column":92},"end":{"line":19,"column":1}}},"1":{"name":"updateMovie","decl":{"start":{"line":21,"column":22},"end":{"line":21,"column":33}},"loc":{"start":{"line":21,"column":94},"end":{"line":31,"column":1}}}},"branchMap":{"0":{"loc":{"start":{"line":11,"column":2},"end":{"line":11,"column":87}},"type":"if","locations":[{"start":{"line":11,"column":2},"end":{"line":11,"column":87}}]},"1":{"loc":{"start":{"line":11,"column":6},"end":{"line":11,"column":39}},"type":"binary-expr","locations":[{"start":{"line":11,"column":6},"end":{"line":11,"column":12}},{"start":{"line":11,"column":16},"end":{"line":11,"column":26}},{"start":{"line":11,"column":30},"end":{"line":11,"column":39}}]},"2":{"loc":{"start":{"line":23,"column":2},"end":{"line":23,"column":81}},"type":"if","locations":[{"start":{"line":23,"column":2},"end":{"line":23,"column":81}}]},"3":{"loc":{"start":{"line":23,"column":6},"end":{"line":23,"column":33}},"type":"binary-expr","locations":[{"start":{"line":23,"column":6},"end":{"line":23,"column":12}},{"start":{"line":23,"column":16},"end":{"line":23,"column":26}},{"start":{"line":23,"column":30},"end":{"line":23,"column":33}}]}},"s":{"0":2,"1":2,"2":0,"3":0,"4":0,"5":0,"6":0,"7":0,"8":0,"9":0,"10":2,"11":0,"12":0,"13":0,"14":0,"15":0,"16":0,"17":0,"18":2},"f":{"0":0,"1":0},"b":{"0":[0],"1":[0,0,0],"2":[0],"3":[0,0,0]}}
,"/home/taiana/Área de Trabalho/Driven/Projetos/projeto_autoral_backend/src/controllers/serieController.ts": {"path":"/home/taiana/Área de Trabalho/Driven/Projetos/projeto_autoral_backend/src/controllers/serieController.ts","statementMap":{"0":{"start":{"line":3,"column":0},"end":{"line":3,"column":42}},"1":{"start":{"line":5,"column":0},"end":{"line":5,"column":37}},"2":{"start":{"line":9,"column":20},"end":{"line":9,"column":30}},"3":{"start":{"line":10,"column":43},"end":{"line":10,"column":64}},"4":{"start":{"line":11,"column":4},"end":{"line":11,"column":88}},"5":{"start":{"line":11,"column":42},"end":{"line":11,"column":88}},"6":{"start":{"line":13,"column":4},"end":{"line":18,"column":null}},"7":{"start":{"line":14,"column":26},"end":{"line":14,"column":93}},"8":{"start":{"line":15,"column":8},"end":{"line":15,"column":62}},"9":{"start":{"line":17,"column":8},"end":{"line":17,"column":20}},"10":{"start":{"line":8,"column":0},"end":{"line":8,"column":7}},"11":{"start":{"line":22,"column":37},"end":{"line":22,"column":45}},"12":{"start":{"line":23,"column":4},"end":{"line":23,"column":82}},"13":{"start":{"line":23,"column":36},"end":{"line":23,"column":82}},"14":{"start":{"line":25,"column":4},"end":{"line":30,"column":null}},"15":{"start":{"line":26,"column":29},"end":{"line":26,"column":81}},"16":{"start":{"line":27,"column":8},"end":{"line":27,"column":60}},"17":{"start":{"line":29,"column":8},"end":{"line":29,"column":20}},"18":{"start":{"line":21,"column":0},"end":{"line":21,"column":7}}},"fnMap":{"0":{"name":"postSerie","decl":{"start":{"line":8,"column":22},"end":{"line":8,"column":31}},"loc":{"start":{"line":8,"column":92},"end":{"line":19,"column":1}}},"1":{"name":"updateSerie","decl":{"start":{"line":21,"column":22},"end":{"line":21,"column":33}},"loc":{"start":{"line":21,"column":94},"end":{"line":31,"column":1}}}},"branchMap":{"0":{"loc":{"start":{"line":11,"column":4},"end":{"line":11,"column":88}},"type":"if","locations":[{"start":{"line":11,"column":4},"end":{"line":11,"column":88}}]},"1":{"loc":{"start":{"line":11,"column":7},"end":{"line":11,"column":40}},"type":"binary-expr","locations":[{"start":{"line":11,"column":7},"end":{"line":11,"column":13}},{"start":{"line":11,"column":17},"end":{"line":11,"column":27}},{"start":{"line":11,"column":31},"end":{"line":11,"column":40}}]},"2":{"loc":{"start":{"line":23,"column":4},"end":{"line":23,"column":82}},"type":"if","locations":[{"start":{"line":23,"column":4},"end":{"line":23,"column":82}}]},"3":{"loc":{"start":{"line":23,"column":7},"end":{"line":23,"column":34}},"type":"binary-expr","locations":[{"start":{"line":23,"column":7},"end":{"line":23,"column":13}},{"start":{"line":23,"column":17},"end":{"line":23,"column":27}},{"start":{"line":23,"column":31},"end":{"line":23,"column":34}}]}},"s":{"0":2,"1":2,"2":0,"3":0,"4":0,"5":0,"6":0,"7":0,"8":0,"9":0,"10":2,"11":0,"12":0,"13":0,"14":0,"15":0,"16":0,"17":0,"18":2},"f":{"0":0,"1":0},"b":{"0":[0],"1":[0,0,0],"2":[0],"3":[0,0,0]}}
,"/home/taiana/Área de Trabalho/Driven/Projetos/projeto_autoral_backend/src/controllers/signInController.ts": {"path":"/home/taiana/Área de Trabalho/Driven/Projetos/projeto_autoral_backend/src/controllers/signInController.ts","statementMap":{"0":{"start":{"line":2,"column":0},"end":{"line":2,"column":43}},"1":{"start":{"line":4,"column":0},"end":{"line":4,"column":37}},"2":{"start":{"line":7,"column":30},"end":{"line":7,"column":52}},"3":{"start":{"line":8,"column":2},"end":{"line":8,"column":null}},"4":{"start":{"line":8,"column":87},"end":{"line":8,"column":null}},"5":{"start":{"line":9,"column":2},"end":{"line":14,"column":null}},"6":{"start":{"line":10,"column":23},"end":{"line":10,"column":66}},"7":{"start":{"line":11,"column":4},"end":{"line":11,"column":54}},"8":{"start":{"line":13,"column":4},"end":{"line":13,"column":16}},"9":{"start":{"line":6,"column":0},"end":{"line":6,"column":7}}},"fnMap":{"0":{"name":"signIn","decl":{"start":{"line":6,"column":22},"end":{"line":6,"column":28}},"loc":{"start":{"line":6,"column":76},"end":{"line":15,"column":1}}}},"branchMap":{"0":{"loc":{"start":{"line":8,"column":2},"end":{"line":8,"column":null}},"type":"if","locations":[{"start":{"line":8,"column":2},"end":{"line":8,"column":null}}]},"1":{"loc":{"start":{"line":8,"column":5},"end":{"line":8,"column":85}},"type":"binary-expr","locations":[{"start":{"line":8,"column":5},"end":{"line":8,"column":11}},{"start":{"line":8,"column":15},"end":{"line":8,"column":24}},{"start":{"line":8,"column":28},"end":{"line":8,"column":53}},{"start":{"line":8,"column":57},"end":{"line":8,"column":85}}]}},"s":{"0":2,"1":2,"2":4,"3":4,"4":0,"5":4,"6":4,"7":2,"8":2,"9":2},"f":{"0":4},"b":{"0":[0],"1":[4,4,4,4]}}
,"/home/taiana/Área de Trabalho/Driven/Projetos/projeto_autoral_backend/src/controllers/signUpController.ts": {"path":"/home/taiana/Área de Trabalho/Driven/Projetos/projeto_autoral_backend/src/controllers/signUpController.ts","statementMap":{"0":{"start":{"line":2,"column":0},"end":{"line":2,"column":43}},"1":{"start":{"line":4,"column":0},"end":{"line":4,"column":37}},"2":{"start":{"line":7,"column":44},"end":{"line":7,"column":67}},"3":{"start":{"line":8,"column":2},"end":{"line":13,"column":null}},"4":{"start":{"line":9,"column":17},"end":{"line":9,"column":74}},"5":{"start":{"line":10,"column":4},"end":{"line":10,"column":119}},"6":{"start":{"line":12,"column":4},"end":{"line":12,"column":16}},"7":{"start":{"line":6,"column":0},"end":{"line":6,"column":7}}},"fnMap":{"0":{"name":"signUp","decl":{"start":{"line":6,"column":22},"end":{"line":6,"column":28}},"loc":{"start":{"line":6,"column":76},"end":{"line":14,"column":1}}}},"branchMap":{},"s":{"0":2,"1":2,"2":4,"3":4,"4":4,"5":3,"6":1,"7":2},"f":{"0":4},"b":{}}
,"/home/taiana/Área de Trabalho/Driven/Projetos/projeto_autoral_backend/src/controllers/songController.ts": {"path":"/home/taiana/Área de Trabalho/Driven/Projetos/projeto_autoral_backend/src/controllers/songController.ts","statementMap":{"0":{"start":{"line":3,"column":0},"end":{"line":3,"column":41}},"1":{"start":{"line":5,"column":0},"end":{"line":5,"column":37}},"2":{"start":{"line":9,"column":20},"end":{"line":9,"column":30}},"3":{"start":{"line":10,"column":43},"end":{"line":10,"column":63}},"4":{"start":{"line":11,"column":4},"end":{"line":11,"column":88}},"5":{"start":{"line":11,"column":42},"end":{"line":11,"column":88}},"6":{"start":{"line":13,"column":4},"end":{"line":18,"column":null}},"7":{"start":{"line":14,"column":25},"end":{"line":14,"column":90}},"8":{"start":{"line":15,"column":8},"end":{"line":15,"column":61}},"9":{"start":{"line":17,"column":8},"end":{"line":17,"column":20}},"10":{"start":{"line":8,"column":0},"end":{"line":8,"column":7}},"11":{"start":{"line":22,"column":37},"end":{"line":22,"column":45}},"12":{"start":{"line":23,"column":4},"end":{"line":23,"column":82}},"13":{"start":{"line":23,"column":36},"end":{"line":23,"column":82}},"14":{"start":{"line":25,"column":4},"end":{"line":31,"column":null}},"15":{"start":{"line":26,"column":28},"end":{"line":26,"column":78}},"16":{"start":{"line":27,"column":8},"end":{"line":27,"column":59}},"17":{"start":{"line":29,"column":8},"end":{"line":29,"column":null}},"18":{"start":{"line":30,"column":8},"end":{"line":30,"column":20}},"19":{"start":{"line":21,"column":0},"end":{"line":21,"column":7}}},"fnMap":{"0":{"name":"postSong","decl":{"start":{"line":8,"column":22},"end":{"line":8,"column":30}},"loc":{"start":{"line":8,"column":91},"end":{"line":19,"column":1}}},"1":{"name":"updateSong","decl":{"start":{"line":21,"column":22},"end":{"line":21,"column":32}},"loc":{"start":{"line":21,"column":93},"end":{"line":32,"column":1}}}},"branchMap":{"0":{"loc":{"start":{"line":11,"column":4},"end":{"line":11,"column":88}},"type":"if","locations":[{"start":{"line":11,"column":4},"end":{"line":11,"column":88}}]},"1":{"loc":{"start":{"line":11,"column":7},"end":{"line":11,"column":40}},"type":"binary-expr","locations":[{"start":{"line":11,"column":7},"end":{"line":11,"column":13}},{"start":{"line":11,"column":17},"end":{"line":11,"column":27}},{"start":{"line":11,"column":31},"end":{"line":11,"column":40}}]},"2":{"loc":{"start":{"line":23,"column":4},"end":{"line":23,"column":82}},"type":"if","locations":[{"start":{"line":23,"column":4},"end":{"line":23,"column":82}}]},"3":{"loc":{"start":{"line":23,"column":7},"end":{"line":23,"column":34}},"type":"binary-expr","locations":[{"start":{"line":23,"column":7},"end":{"line":23,"column":13}},{"start":{"line":23,"column":17},"end":{"line":23,"column":27}},{"start":{"line":23,"column":31},"end":{"line":23,"column":34}}]}},"s":{"0":2,"1":2,"2":0,"3":0,"4":0,"5":0,"6":0,"7":0,"8":0,"9":0,"10":2,"11":0,"12":0,"13":0,"14":0,"15":0,"16":0,"17":0,"18":0,"19":2},"f":{"0":0,"1":0},"b":{"0":[0],"1":[0,0,0],"2":[0],"3":[0,0,0]}}
,"/home/taiana/Área de Trabalho/Driven/Projetos/projeto_autoral_backend/src/controllers/themeController.ts": {"path":"/home/taiana/Área de Trabalho/Driven/Projetos/projeto_autoral_backend/src/controllers/themeController.ts","statementMap":{"0":{"start":{"line":3,"column":0},"end":{"line":3,"column":42}},"1":{"start":{"line":5,"column":0},"end":{"line":5,"column":37}},"2":{"start":{"line":8,"column":2},"end":{"line":13,"column":null}},"3":{"start":{"line":9,"column":19},"end":{"line":9,"column":48}},"4":{"start":{"line":10,"column":4},"end":{"line":10,"column":50}},"5":{"start":{"line":12,"column":4},"end":{"line":12,"column":16}},"6":{"start":{"line":7,"column":0},"end":{"line":7,"column":7}},"7":{"start":{"line":17,"column":19},"end":{"line":17,"column":40}},"8":{"start":{"line":18,"column":2},"end":{"line":18,"column":85}},"9":{"start":{"line":18,"column":39},"end":{"line":18,"column":85}},"10":{"start":{"line":20,"column":2},"end":{"line":25,"column":null}},"11":{"start":{"line":21,"column":22},"end":{"line":21,"column":63}},"12":{"start":{"line":22,"column":4},"end":{"line":22,"column":53}},"13":{"start":{"line":24,"column":4},"end":{"line":24,"column":16}},"14":{"start":{"line":16,"column":0},"end":{"line":16,"column":7}},"15":{"start":{"line":29,"column":21},"end":{"line":29,"column":40}},"16":{"start":{"line":30,"column":2},"end":{"line":35,"column":null}},"17":{"start":{"line":31,"column":18},"end":{"line":31,"column":59}},"18":{"start":{"line":32,"column":4},"end":{"line":32,"column":49}},"19":{"start":{"line":34,"column":4},"end":{"line":34,"column":16}},"20":{"start":{"line":28,"column":0},"end":{"line":28,"column":7}},"21":{"start":{"line":39,"column":18},"end":{"line":39,"column":28}},"22":{"start":{"line":40,"column":2},"end":{"line":46,"column":null}},"23":{"start":{"line":41,"column":22},"end":{"line":41,"column":67}},"24":{"start":{"line":42,"column":4},"end":{"line":42,"column":53}},"25":{"start":{"line":44,"column":4},"end":{"line":44,"column":null}},"26":{"start":{"line":45,"column":4},"end":{"line":45,"column":16}},"27":{"start":{"line":38,"column":0},"end":{"line":38,"column":7}},"28":{"start":{"line":50,"column":18},"end":{"line":50,"column":28}},"29":{"start":{"line":51,"column":20},"end":{"line":51,"column":42}},"30":{"start":{"line":52,"column":2},"end":{"line":52,"column":59}},"31":{"start":{"line":52,"column":13},"end":{"line":52,"column":59}},"32":{"start":{"line":54,"column":2},"end":{"line":59,"column":null}},"33":{"start":{"line":55,"column":25},"end":{"line":55,"column":75}},"34":{"start":{"line":56,"column":4},"end":{"line":56,"column":61}},"35":{"start":{"line":58,"column":4},"end":{"line":58,"column":16}},"36":{"start":{"line":49,"column":0},"end":{"line":49,"column":7}},"37":{"start":{"line":63,"column":19},"end":{"line":63,"column":40}},"38":{"start":{"line":64,"column":2},"end":{"line":64,"column":85}},"39":{"start":{"line":64,"column":39},"end":{"line":64,"column":85}},"40":{"start":{"line":66,"column":2},"end":{"line":71,"column":null}},"41":{"start":{"line":67,"column":4},"end":{"line":67,"column":null}},"42":{"start":{"line":68,"column":4},"end":{"line":68,"column":null}},"43":{"start":{"line":70,"column":4},"end":{"line":70,"column":null}},"44":{"start":{"line":62,"column":0},"end":{"line":62,"column":7}},"45":{"start":{"line":76,"column":19},"end":{"line":76,"column":40}},"46":{"start":{"line":77,"column":20},"end":{"line":77,"column":42}},"47":{"start":{"line":78,"column":2},"end":{"line":78,"column":95}},"48":{"start":{"line":78,"column":49},"end":{"line":78,"column":95}},"49":{"start":{"line":79,"column":2},"end":{"line":84,"column":null}},"50":{"start":{"line":80,"column":25},"end":{"line":80,"column":72}},"51":{"start":{"line":81,"column":4},"end":{"line":81,"column":null}},"52":{"start":{"line":83,"column":4},"end":{"line":83,"column":null}},"53":{"start":{"line":75,"column":0},"end":{"line":75,"column":7}}},"fnMap":{"0":{"name":"getTheme","decl":{"start":{"line":7,"column":22},"end":{"line":7,"column":30}},"loc":{"start":{"line":7,"column":91},"end":{"line":14,"column":1}}},"1":{"name":"getThemeById","decl":{"start":{"line":16,"column":22},"end":{"line":16,"column":34}},"loc":{"start":{"line":16,"column":95},"end":{"line":26,"column":1}}},"2":{"name":"getThemeByName","decl":{"start":{"line":28,"column":22},"end":{"line":28,"column":36}},"loc":{"start":{"line":28,"column":97},"end":{"line":36,"column":1}}},"3":{"name":"getThemesFromUser","decl":{"start":{"line":38,"column":22},"end":{"line":38,"column":39}},"loc":{"start":{"line":38,"column":100},"end":{"line":47,"column":1}}},"4":{"name":"createTheme","decl":{"start":{"line":49,"column":22},"end":{"line":49,"column":33}},"loc":{"start":{"line":49,"column":94},"end":{"line":60,"column":1}}},"5":{"name":"deleteTheme","decl":{"start":{"line":62,"column":22},"end":{"line":62,"column":33}},"loc":{"start":{"line":62,"column":94},"end":{"line":72,"column":1}}},"6":{"name":"updateTheme","decl":{"start":{"line":75,"column":22},"end":{"line":75,"column":33}},"loc":{"start":{"line":75,"column":94},"end":{"line":85,"column":1}}}},"branchMap":{"0":{"loc":{"start":{"line":18,"column":2},"end":{"line":18,"column":85}},"type":"if","locations":[{"start":{"line":18,"column":2},"end":{"line":18,"column":85}}]},"1":{"loc":{"start":{"line":18,"column":5},"end":{"line":18,"column":37}},"type":"binary-expr","locations":[{"start":{"line":18,"column":5},"end":{"line":18,"column":20}},{"start":{"line":18,"column":24},"end":{"line":18,"column":37}}]},"2":{"loc":{"start":{"line":52,"column":2},"end":{"line":52,"column":59}},"type":"if","locations":[{"start":{"line":52,"column":2},"end":{"line":52,"column":59}}]},"3":{"loc":{"start":{"line":64,"column":2},"end":{"line":64,"column":85}},"type":"if","locations":[{"start":{"line":64,"column":2},"end":{"line":64,"column":85}}]},"4":{"loc":{"start":{"line":64,"column":5},"end":{"line":64,"column":37}},"type":"binary-expr","locations":[{"start":{"line":64,"column":5},"end":{"line":64,"column":20}},{"start":{"line":64,"column":24},"end":{"line":64,"column":37}}]},"5":{"loc":{"start":{"line":78,"column":2},"end":{"line":78,"column":95}},"type":"if","locations":[{"start":{"line":78,"column":2},"end":{"line":78,"column":95}}]},"6":{"loc":{"start":{"line":78,"column":5},"end":{"line":78,"column":47}},"type":"binary-expr","locations":[{"start":{"line":78,"column":5},"end":{"line":78,"column":20}},{"start":{"line":78,"column":24},"end":{"line":78,"column":37}},{"start":{"line":78,"column":41},"end":{"line":78,"column":47}}]}},"s":{"0":2,"1":2,"2":0,"3":0,"4":0,"5":0,"6":2,"7":0,"8":0,"9":0,"10":0,"11":0,"12":0,"13":0,"14":2,"15":0,"16":0,"17":0,"18":0,"19":0,"20":2,"21":0,"22":0,"23":0,"24":0,"25":0,"26":0,"27":2,"28":0,"29":0,"30":0,"31":0,"32":0,"33":0,"34":0,"35":0,"36":2,"37":0,"38":0,"39":0,"40":0,"41":0,"42":0,"43":0,"44":2,"45":0,"46":0,"47":0,"48":0,"49":0,"50":0,"51":0,"52":0,"53":2},"f":{"0":0,"1":0,"2":0,"3":0,"4":0,"5":0,"6":0},"b":{"0":[0],"1":[0,0],"2":[0],"3":[0],"4":[0,0],"5":[0],"6":[0,0,0]}}
,"/home/taiana/Área de Trabalho/Driven/Projetos/projeto_autoral_backend/src/errors/badRequestError.ts": {"path":"/home/taiana/Área de Trabalho/Driven/Projetos/projeto_autoral_backend/src/errors/badRequestError.ts","statementMap":{"0":{"start":{"line":4,"column":2},"end":{"line":7,"column":4}},"1":{"start":{"line":3,"column":0},"end":{"line":3,"column":16}}},"fnMap":{"0":{"name":"badRequestError","decl":{"start":{"line":3,"column":16},"end":{"line":3,"column":31}},"loc":{"start":{"line":3,"column":31},"end":{"line":8,"column":1}}}},"branchMap":{},"s":{"0":0,"1":2},"f":{"0":0},"b":{}}
,"/home/taiana/Área de Trabalho/Driven/Projetos/projeto_autoral_backend/src/errors/duplicatedEmailError.ts": {"path":"/home/taiana/Área de Trabalho/Driven/Projetos/projeto_autoral_backend/src/errors/duplicatedEmailError.ts","statementMap":{"0":{"start":{"line":4,"column":2},"end":{"line":7,"column":4}},"1":{"start":{"line":3,"column":0},"end":{"line":3,"column":16}}},"fnMap":{"0":{"name":"duplicatedEmailError","decl":{"start":{"line":3,"column":16},"end":{"line":3,"column":36}},"loc":{"start":{"line":3,"column":36},"end":{"line":8,"column":1}}}},"branchMap":{},"s":{"0":1,"1":2},"f":{"0":1},"b":{}}
,"/home/taiana/Área de Trabalho/Driven/Projetos/projeto_autoral_backend/src/errors/duplicatedThemeError.ts": {"path":"/home/taiana/Área de Trabalho/Driven/Projetos/projeto_autoral_backend/src/errors/duplicatedThemeError.ts","statementMap":{"0":{"start":{"line":4,"column":2},"end":{"line":7,"column":4}},"1":{"start":{"line":3,"column":0},"end":{"line":3,"column":16}}},"fnMap":{"0":{"name":"duplicatedThemeError","decl":{"start":{"line":3,"column":16},"end":{"line":3,"column":36}},"loc":{"start":{"line":3,"column":36},"end":{"line":8,"column":1}}}},"branchMap":{},"s":{"0":0,"1":2},"f":{"0":0},"b":{}}
,"/home/taiana/Área de Trabalho/Driven/Projetos/projeto_autoral_backend/src/errors/index.ts": {"path":"/home/taiana/Área de Trabalho/Driven/Projetos/projeto_autoral_backend/src/errors/index.ts","statementMap":{"0":{"start":{"line":1,"column":0},"end":{"line":1,"column":35}},"1":{"start":{"line":2,"column":0},"end":{"line":2,"column":39}},"2":{"start":{"line":3,"column":0},"end":{"line":3,"column":41}},"3":{"start":{"line":4,"column":0},"end":{"line":4,"column":36}},"4":{"start":{"line":5,"column":0},"end":{"line":5,"column":39}},"5":{"start":{"line":6,"column":0},"end":{"line":6,"column":34}},"6":{"start":{"line":7,"column":0},"end":{"line":7,"column":32}}},"fnMap":{},"branchMap":{},"s":{"0":2,"1":2,"2":2,"3":2,"4":2,"5":2,"6":2},"f":{},"b":{}}
,"/home/taiana/Área de Trabalho/Driven/Projetos/projeto_autoral_backend/src/errors/invalidCredentialError.ts": {"path":"/home/taiana/Área de Trabalho/Driven/Projetos/projeto_autoral_backend/src/errors/invalidCredentialError.ts","statementMap":{"0":{"start":{"line":4,"column":2},"end":{"line":7,"column":4}},"1":{"start":{"line":3,"column":0},"end":{"line":3,"column":16}}},"fnMap":{"0":{"name":"invalidCredentialsError","decl":{"start":{"line":3,"column":16},"end":{"line":3,"column":39}},"loc":{"start":{"line":3,"column":39},"end":{"line":8,"column":1}}}},"branchMap":{},"s":{"0":2,"1":2},"f":{"0":2},"b":{}}
,"/home/taiana/Área de Trabalho/Driven/Projetos/projeto_autoral_backend/src/errors/invalidDataError.ts": {"path":"/home/taiana/Área de Trabalho/Driven/Projetos/projeto_autoral_backend/src/errors/invalidDataError.ts","statementMap":{"0":{"start":{"line":4,"column":2},"end":{"line":8,"column":4}},"1":{"start":{"line":3,"column":0},"end":{"line":3,"column":16}}},"fnMap":{"0":{"name":"invalidDataError","decl":{"start":{"line":3,"column":16},"end":{"line":3,"column":32}},"loc":{"start":{"line":3,"column":50},"end":{"line":9,"column":1}}}},"branchMap":{},"s":{"0":4,"1":2},"f":{"0":4},"b":{}}
,"/home/taiana/Área de Trabalho/Driven/Projetos/projeto_autoral_backend/src/errors/notFoundError.ts": {"path":"/home/taiana/Área de Trabalho/Driven/Projetos/projeto_autoral_backend/src/errors/notFoundError.ts","statementMap":{"0":{"start":{"line":4,"column":2},"end":{"line":7,"column":4}},"1":{"start":{"line":3,"column":0},"end":{"line":3,"column":16}}},"fnMap":{"0":{"name":"notFoundError","decl":{"start":{"line":3,"column":16},"end":{"line":3,"column":29}},"loc":{"start":{"line":3,"column":29},"end":{"line":8,"column":1}}}},"branchMap":{},"s":{"0":0,"1":2},"f":{"0":0},"b":{}}
,"/home/taiana/Área de Trabalho/Driven/Projetos/projeto_autoral_backend/src/errors/unauthorizedError.ts": {"path":"/home/taiana/Área de Trabalho/Driven/Projetos/projeto_autoral_backend/src/errors/unauthorizedError.ts","statementMap":{"0":{"start":{"line":4,"column":2},"end":{"line":7,"column":4}},"1":{"start":{"line":3,"column":0},"end":{"line":3,"column":16}}},"fnMap":{"0":{"name":"unauthorizedError","decl":{"start":{"line":3,"column":16},"end":{"line":3,"column":33}},"loc":{"start":{"line":3,"column":33},"end":{"line":8,"column":1}}}},"branchMap":{},"s":{"0":0,"1":2},"f":{"0":0},"b":{}}
,"/home/taiana/Área de Trabalho/Driven/Projetos/projeto_autoral_backend/src/middlewares/authenticationMiddleware.ts": {"path":"/home/taiana/Área de Trabalho/Driven/Projetos/projeto_autoral_backend/src/middlewares/authenticationMiddleware.ts","statementMap":{"0":{"start":{"line":2,"column":0},"end":{"line":2,"column":36}},"1":{"start":{"line":3,"column":0},"end":{"line":3,"column":45}},"2":{"start":{"line":4,"column":0},"end":{"line":4,"column":37}},"3":{"start":{"line":7,"column":2},"end":{"line":28,"column":null}},"4":{"start":{"line":8,"column":30},"end":{"line":8,"column":41}},"5":{"start":{"line":9,"column":4},"end":{"line":9,"column":50}},"6":{"start":{"line":9,"column":24},"end":{"line":9,"column":50}},"7":{"start":{"line":11,"column":18},"end":{"line":11,"column":42}},"8":{"start":{"line":12,"column":4},"end":{"line":12,"column":54}},"9":{"start":{"line":12,"column":28},"end":{"line":12,"column":54}},"10":{"start":{"line":14,"column":28},"end":{"line":14,"column":33}},"11":{"start":{"line":15,"column":4},"end":{"line":15,"column":55}},"12":{"start":{"line":15,"column":29},"end":{"line":15,"column":55}},"13":{"start":{"line":17,"column":23},"end":{"line":17,"column":78}},"14":{"start":{"line":18,"column":4},"end":{"line":18,"column":43}},"15":{"start":{"line":18,"column":17},"end":{"line":18,"column":43}},"16":{"start":{"line":20,"column":4},"end":{"line":20,"column":24}},"17":{"start":{"line":22,"column":4},"end":{"line":22,"column":11}},"18":{"start":{"line":24,"column":4},"end":{"line":26,"column":null}},"19":{"start":{"line":25,"column":6},"end":{"line":25,"column":75}},"20":{"start":{"line":27,"column":4},"end":{"line":27,"column":16}},"21":{"start":{"line":6,"column":0},"end":{"line":6,"column":7}}},"fnMap":{"0":{"name":"authenticateToken","decl":{"start":{"line":6,"column":22},"end":{"line":6,"column":39}},"loc":{"start":{"line":6,"column":100},"end":{"line":29,"column":1}}}},"branchMap":{"0":{"loc":{"start":{"line":9,"column":4},"end":{"line":9,"column":50}},"type":"if","locations":[{"start":{"line":9,"column":4},"end":{"line":9,"column":50}}]},"1":{"loc":{"start":{"line":12,"column":4},"end":{"line":12,"column":54}},"type":"if","locations":[{"start":{"line":12,"column":4},"end":{"line":12,"column":54}}]},"2":{"loc":{"start":{"line":15,"column":4},"end":{"line":15,"column":55}},"type":"if","locations":[{"start":{"line":15,"column":4},"end":{"line":15,"column":55}}]},"3":{"loc":{"start":{"line":18,"column":4},"end":{"line":18,"column":43}},"type":"if","locations":[{"start":{"line":18,"column":4},"end":{"line":18,"column":43}}]},"4":{"loc":{"start":{"line":24,"column":4},"end":{"line":26,"column":null}},"type":"if","locations":[{"start":{"line":24,"column":4},"end":{"line":26,"column":null}}]}},"s":{"0":2,"1":2,"2":2,"3":0,"4":0,"5":0,"6":0,"7":0,"8":0,"9":0,"10":0,"11":0,"12":0,"13":0,"14":0,"15":0,"16":0,"17":0,"18":0,"19":0,"20":0,"21":2},"f":{"0":0},"b":{"0":[0],"1":[0],"2":[0],"3":[0],"4":[0]}}
,"/home/taiana/Área de Trabalho/Driven/Projetos/projeto_autoral_backend/src/middlewares/errorMiddleware.ts": {"path":"/home/taiana/Área de Trabalho/Driven/Projetos/projeto_autoral_backend/src/middlewares/errorMiddleware.ts","statementMap":{"0":{"start":{"line":2,"column":0},"end":{"line":2,"column":37}},"1":{"start":{"line":6,"column":2},"end":{"line":10,"column":null}},"2":{"start":{"line":7,"column":4},"end":{"line":9,"column":7}},"3":{"start":{"line":12,"column":2},"end":{"line":16,"column":null}},"4":{"start":{"line":13,"column":4},"end":{"line":15,"column":7}},"5":{"start":{"line":18,"column":2},"end":{"line":22,"column":null}},"6":{"start":{"line":19,"column":4},"end":{"line":21,"column":7}},"7":{"start":{"line":24,"column":2},"end":{"line":28,"column":null}},"8":{"start":{"line":25,"column":4},"end":{"line":27,"column":7}},"9":{"start":{"line":30,"column":2},"end":{"line":34,"column":null}},"10":{"start":{"line":31,"column":4},"end":{"line":33,"column":7}},"11":{"start":{"line":36,"column":2},"end":{"line":40,"column":null}},"12":{"start":{"line":37,"column":4},"end":{"line":39,"column":7}},"13":{"start":{"line":42,"column":2},"end":{"line":45,"column":5}},"14":{"start":{"line":5,"column":0},"end":{"line":5,"column":16}}},"fnMap":{"0":{"name":"handleApplicationErrors","decl":{"start":{"line":5,"column":16},"end":{"line":5,"column":39}},"loc":{"start":{"line":5,"column":120},"end":{"line":46,"column":1}}}},"branchMap":{"0":{"loc":{"start":{"line":6,"column":2},"end":{"line":10,"column":null}},"type":"if","locations":[{"start":{"line":6,"column":2},"end":{"line":10,"column":null}}]},"1":{"loc":{"start":{"line":12,"column":2},"end":{"line":16,"column":null}},"type":"if","locations":[{"start":{"line":12,"column":2},"end":{"line":16,"column":null}}]},"2":{"loc":{"start":{"line":18,"column":2},"end":{"line":22,"column":null}},"type":"if","locations":[{"start":{"line":18,"column":2},"end":{"line":22,"column":null}}]},"3":{"loc":{"start":{"line":24,"column":2},"end":{"line":28,"column":null}},"type":"if","locations":[{"start":{"line":24,"column":2},"end":{"line":28,"column":null}}]},"4":{"loc":{"start":{"line":30,"column":2},"end":{"line":34,"column":null}},"type":"if","locations":[{"start":{"line":30,"column":2},"end":{"line":34,"column":null}}]},"5":{"loc":{"start":{"line":36,"column":2},"end":{"line":40,"column":null}},"type":"if","locations":[{"start":{"line":36,"column":2},"end":{"line":40,"column":null}}]}},"s":{"0":2,"1":3,"2":1,"3":2,"4":0,"5":2,"6":2,"7":0,"8":0,"9":0,"10":0,"11":0,"12":0,"13":0,"14":2},"f":{"0":3},"b":{"0":[1],"1":[0],"2":[2],"3":[0],"4":[0],"5":[0]}}
,"/home/taiana/Área de Trabalho/Driven/Projetos/projeto_autoral_backend/src/middlewares/index.ts": {"path":"/home/taiana/Área de Trabalho/Driven/Projetos/projeto_autoral_backend/src/middlewares/index.ts","statementMap":{"0":{"start":{"line":1,"column":0},"end":{"line":1,"column":39}},"1":{"start":{"line":2,"column":0},"end":{"line":2,"column":34}}},"fnMap":{},"branchMap":{},"s":{"0":2,"1":2},"f":{},"b":{}}
,"/home/taiana/Área de Trabalho/Driven/Projetos/projeto_autoral_backend/src/middlewares/validationMiddleware.ts": {"path":"/home/taiana/Área de Trabalho/Driven/Projetos/projeto_autoral_backend/src/middlewares/validationMiddleware.ts","statementMap":{"0":{"start":{"line":2,"column":0},"end":{"line":2,"column":37}},"1":{"start":{"line":4,"column":0},"end":{"line":4,"column":44}},"2":{"start":{"line":7,"column":2},"end":{"line":19,"column":4}},"3":{"start":{"line":8,"column":22},"end":{"line":10,"column":6}},"4":{"start":{"line":12,"column":4},"end":{"line":18,"column":null}},"5":{"start":{"line":13,"column":6},"end":{"line":13,"column":13}},"6":{"start":{"line":15,"column":6},"end":{"line":17,"column":69}},"7":{"start":{"line":17,"column":56},"end":{"line":17,"column":65}},"8":{"start":{"line":6,"column":0},"end":{"line":6,"column":16}}},"fnMap":{"0":{"name":"validate","decl":{"start":{"line":6,"column":16},"end":{"line":6,"column":24}},"loc":{"start":{"line":6,"column":45},"end":{"line":20,"column":1}}},"1":{"name":"(anonymous_2)","decl":{"start":{"line":7,"column":9},"end":{"line":7,"column":10}},"loc":{"start":{"line":7,"column":61},"end":{"line":19,"column":3}}},"2":{"name":"(anonymous_3)","decl":{"start":{"line":17,"column":49},"end":{"line":17,"column":50}},"loc":{"start":{"line":17,"column":56},"end":{"line":17,"column":65}}}},"branchMap":{"0":{"loc":{"start":{"line":12,"column":4},"end":{"line":18,"column":null}},"type":"if","locations":[{"start":{"line":12,"column":4},"end":{"line":18,"column":null}},{"start":{"line":14,"column":11},"end":{"line":18,"column":null}}]}},"s":{"0":2,"1":2,"2":24,"3":12,"4":12,"5":8,"6":4,"7":16,"8":2},"f":{"0":24,"1":12,"2":16},"b":{"0":[8,4]}}
,"/home/taiana/Área de Trabalho/Driven/Projetos/projeto_autoral_backend/src/repositories/bookRepository/index.ts": {"path":"/home/taiana/Área de Trabalho/Driven/Projetos/projeto_autoral_backend/src/repositories/bookRepository/index.ts","statementMap":{"0":{"start":{"line":1,"column":0},"end":{"line":1,"column":34}},"1":{"start":{"line":6,"column":2},"end":{"line":10,"column":5}},"2":{"start":{"line":5,"column":0},"end":{"line":5,"column":7}},"3":{"start":{"line":15,"column":2},"end":{"line":22,"column":5}},"4":{"start":{"line":14,"column":0},"end":{"line":14,"column":7}},"5":{"start":{"line":26,"column":2},"end":{"line":34,"column":null}},"6":{"start":{"line":25,"column":0},"end":{"line":25,"column":7}},"7":{"start":{"line":37,"column":23},"end":{"line":41,"column":2}},"8":{"start":{"line":43,"column":9},"end":{"line":43,"column":23}}},"fnMap":{"0":{"name":"getBookById","decl":{"start":{"line":5,"column":22},"end":{"line":5,"column":33}},"loc":{"start":{"line":5,"column":44},"end":{"line":11,"column":1}}},"1":{"name":"postBook","decl":{"start":{"line":14,"column":22},"end":{"line":14,"column":30}},"loc":{"start":{"line":14,"column":77},"end":{"line":23,"column":1}}},"2":{"name":"updateBook","decl":{"start":{"line":25,"column":22},"end":{"line":25,"column":32}},"loc":{"start":{"line":25,"column":73},"end":{"line":35,"column":1}}}},"branchMap":{},"s":{"0":2,"1":0,"2":2,"3":0,"4":2,"5":0,"6":2,"7":2,"8":2},"f":{"0":0,"1":0,"2":0},"b":{}}
,"/home/taiana/Área de Trabalho/Driven/Projetos/projeto_autoral_backend/src/repositories/favoriteRepository/index.ts": {"path":"/home/taiana/Área de Trabalho/Driven/Projetos/projeto_autoral_backend/src/repositories/favoriteRepository/index.ts","statementMap":{"0":{"start":{"line":1,"column":0},"end":{"line":1,"column":34}},"1":{"start":{"line":5,"column":2},"end":{"line":24,"column":5}},"2":{"start":{"line":4,"column":0},"end":{"line":4,"column":7}},"3":{"start":{"line":28,"column":2},"end":{"line":33,"column":5}},"4":{"start":{"line":27,"column":0},"end":{"line":27,"column":7}},"5":{"start":{"line":37,"column":2},"end":{"line":41,"column":5}},"6":{"start":{"line":36,"column":0},"end":{"line":36,"column":7}},"7":{"start":{"line":45,"column":2},"end":{"line":49,"column":5}},"8":{"start":{"line":44,"column":0},"end":{"line":44,"column":7}},"9":{"start":{"line":52,"column":27},"end":{"line":57,"column":2}},"10":{"start":{"line":59,"column":9},"end":{"line":59,"column":27}}},"fnMap":{"0":{"name":"getFavorite","decl":{"start":{"line":4,"column":22},"end":{"line":4,"column":33}},"loc":{"start":{"line":4,"column":49},"end":{"line":25,"column":1}}},"1":{"name":"postFavorite","decl":{"start":{"line":27,"column":22},"end":{"line":27,"column":34}},"loc":{"start":{"line":27,"column":68},"end":{"line":34,"column":1}}},"2":{"name":"deleteFavorite","decl":{"start":{"line":36,"column":22},"end":{"line":36,"column":36}},"loc":{"start":{"line":36,"column":47},"end":{"line":42,"column":1}}},"3":{"name":"getFavoriteById","decl":{"start":{"line":44,"column":22},"end":{"line":44,"column":37}},"loc":{"start":{"line":44,"column":48},"end":{"line":50,"column":1}}}},"branchMap":{},"s":{"0":2,"1":0,"2":2,"3":0,"4":2,"5":0,"6":2,"7":0,"8":2,"9":2,"10":2},"f":{"0":0,"1":0,"2":0,"3":0},"b":{}}
,"/home/taiana/Área de Trabalho/Driven/Projetos/projeto_autoral_backend/src/repositories/movieRepository/index.ts": {"path":"/home/taiana/Área de Trabalho/Driven/Projetos/projeto_autoral_backend/src/repositories/movieRepository/index.ts","statementMap":{"0":{"start":{"line":1,"column":0},"end":{"line":1,"column":34}},"1":{"start":{"line":6,"column":2},"end":{"line":10,"column":5}},"2":{"start":{"line":5,"column":0},"end":{"line":5,"column":7}},"3":{"start":{"line":15,"column":2},"end":{"line":22,"column":5}},"4":{"start":{"line":14,"column":0},"end":{"line":14,"column":7}},"5":{"start":{"line":26,"column":2},"end":{"line":34,"column":null}},"6":{"start":{"line":25,"column":0},"end":{"line":25,"column":7}},"7":{"start":{"line":37,"column":24},"end":{"line":41,"column":2}},"8":{"start":{"line":43,"column":9},"end":{"line":43,"column":24}}},"fnMap":{"0":{"name":"getMovieById","decl":{"start":{"line":5,"column":22},"end":{"line":5,"column":34}},"loc":{"start":{"line":5,"column":45},"end":{"line":11,"column":1}}},"1":{"name":"postMovie","decl":{"start":{"line":14,"column":22},"end":{"line":14,"column":31}},"loc":{"start":{"line":14,"column":80},"end":{"line":23,"column":1}}},"2":{"name":"updateMovie","decl":{"start":{"line":25,"column":22},"end":{"line":25,"column":33}},"loc":{"start":{"line":25,"column":78},"end":{"line":35,"column":1}}}},"branchMap":{},"s":{"0":2,"1":0,"2":2,"3":0,"4":2,"5":0,"6":2,"7":2,"8":2},"f":{"0":0,"1":0,"2":0},"b":{}}
,"/home/taiana/Área de Trabalho/Driven/Projetos/projeto_autoral_backend/src/repositories/serieRepository/index.ts": {"path":"/home/taiana/Área de Trabalho/Driven/Projetos/projeto_autoral_backend/src/repositories/serieRepository/index.ts","statementMap":{"0":{"start":{"line":1,"column":0},"end":{"line":1,"column":34}},"1":{"start":{"line":6,"column":2},"end":{"line":10,"column":5}},"2":{"start":{"line":5,"column":0},"end":{"line":5,"column":7}},"3":{"start":{"line":15,"column":2},"end":{"line":22,"column":5}},"4":{"start":{"line":14,"column":0},"end":{"line":14,"column":7}},"5":{"start":{"line":26,"column":2},"end":{"line":34,"column":null}},"6":{"start":{"line":25,"column":0},"end":{"line":25,"column":7}},"7":{"start":{"line":37,"column":24},"end":{"line":41,"column":2}},"8":{"start":{"line":43,"column":9},"end":{"line":43,"column":24}}},"fnMap":{"0":{"name":"getSerieById","decl":{"start":{"line":5,"column":22},"end":{"line":5,"column":34}},"loc":{"start":{"line":5,"column":45},"end":{"line":11,"column":1}}},"1":{"name":"postSerie","decl":{"start":{"line":14,"column":22},"end":{"line":14,"column":31}},"loc":{"start":{"line":14,"column":80},"end":{"line":23,"column":1}}},"2":{"name":"updateSerie","decl":{"start":{"line":25,"column":22},"end":{"line":25,"column":33}},"loc":{"start":{"line":25,"column":78},"end":{"line":35,"column":1}}}},"branchMap":{},"s":{"0":2,"1":0,"2":2,"3":0,"4":2,"5":0,"6":2,"7":2,"8":2},"f":{"0":0,"1":0,"2":0},"b":{}}
,"/home/taiana/Área de Trabalho/Driven/Projetos/projeto_autoral_backend/src/repositories/signUpRepository/index.ts": {"path":"/home/taiana/Área de Trabalho/Driven/Projetos/projeto_autoral_backend/src/repositories/signUpRepository/index.ts","statementMap":{"0":{"start":{"line":1,"column":0},"end":{"line":1,"column":34}},"1":{"start":{"line":5,"column":2},"end":{"line":7,"column":5}},"2":{"start":{"line":11,"column":2},"end":{"line":18,"column":5}},"3":{"start":{"line":21,"column":25},"end":{"line":24,"column":2}},"4":{"start":{"line":26,"column":9},"end":{"line":26,"column":25}}},"fnMap":{"0":{"name":"findByEmail","decl":{"start":{"line":4,"column":15},"end":{"line":4,"column":26}},"loc":{"start":{"line":4,"column":40},"end":{"line":8,"column":1}}},"1":{"name":"createUser","decl":{"start":{"line":10,"column":15},"end":{"line":10,"column":25}},"loc":{"start":{"line":10,"column":87},"end":{"line":19,"column":1}}}},"branchMap":{},"s":{"0":2,"1":8,"2":3,"3":2,"4":2},"f":{"0":8,"1":3},"b":{}}
,"/home/taiana/Área de Trabalho/Driven/Projetos/projeto_autoral_backend/src/repositories/songRepository/index.ts": {"path":"/home/taiana/Área de Trabalho/Driven/Projetos/projeto_autoral_backend/src/repositories/songRepository/index.ts","statementMap":{"0":{"start":{"line":1,"column":0},"end":{"line":1,"column":34}},"1":{"start":{"line":7,"column":2},"end":{"line":11,"column":5}},"2":{"start":{"line":6,"column":0},"end":{"line":6,"column":7}},"3":{"start":{"line":15,"column":2},"end":{"line":22,"column":5}},"4":{"start":{"line":14,"column":0},"end":{"line":14,"column":7}},"5":{"start":{"line":26,"column":2},"end":{"line":34,"column":null}},"6":{"start":{"line":25,"column":0},"end":{"line":25,"column":7}},"7":{"start":{"line":37,"column":23},"end":{"line":41,"column":2}},"8":{"start":{"line":43,"column":9},"end":{"line":43,"column":23}}},"fnMap":{"0":{"name":"getSongById","decl":{"start":{"line":6,"column":22},"end":{"line":6,"column":33}},"loc":{"start":{"line":6,"column":44},"end":{"line":12,"column":1}}},"1":{"name":"postSong","decl":{"start":{"line":14,"column":22},"end":{"line":14,"column":30}},"loc":{"start":{"line":14,"column":78},"end":{"line":23,"column":1}}},"2":{"name":"updateSong","decl":{"start":{"line":25,"column":22},"end":{"line":25,"column":32}},"loc":{"start":{"line":25,"column":77},"end":{"line":35,"column":1}}}},"branchMap":{},"s":{"0":2,"1":0,"2":2,"3":0,"4":2,"5":0,"6":2,"7":2,"8":2},"f":{"0":0,"1":0,"2":0},"b":{}}
,"/home/taiana/Área de Trabalho/Driven/Projetos/projeto_autoral_backend/src/repositories/themeRepository/index.ts": {"path":"/home/taiana/Área de Trabalho/Driven/Projetos/projeto_autoral_backend/src/repositories/themeRepository/index.ts","statementMap":{"0":{"start":{"line":1,"column":0},"end":{"line":1,"column":34}},"1":{"start":{"line":6,"column":2},"end":{"line":18,"column":5}},"2":{"start":{"line":5,"column":0},"end":{"line":5,"column":7}},"3":{"start":{"line":22,"column":2},"end":{"line":27,"column":5}},"4":{"start":{"line":21,"column":0},"end":{"line":21,"column":7}},"5":{"start":{"line":31,"column":2},"end":{"line":70,"column":5}},"6":{"start":{"line":30,"column":0},"end":{"line":30,"column":7}},"7":{"start":{"line":74,"column":2},"end":{"line":91,"column":5}},"8":{"start":{"line":73,"column":0},"end":{"line":73,"column":7}},"9":{"start":{"line":95,"column":2},"end":{"line":102,"column":5}},"10":{"start":{"line":94,"column":0},"end":{"line":94,"column":7}},"11":{"start":{"line":106,"column":2},"end":{"line":113,"column":5}},"12":{"start":{"line":105,"column":0},"end":{"line":105,"column":7}},"13":{"start":{"line":117,"column":2},"end":{"line":121,"column":5}},"14":{"start":{"line":116,"column":0},"end":{"line":116,"column":7}},"15":{"start":{"line":125,"column":2},"end":{"line":132,"column":5}},"16":{"start":{"line":124,"column":0},"end":{"line":124,"column":7}},"17":{"start":{"line":137,"column":24},"end":{"line":146,"column":2}},"18":{"start":{"line":148,"column":0},"end":{"line":148,"column":31}}},"fnMap":{"0":{"name":"getTheme","decl":{"start":{"line":5,"column":22},"end":{"line":5,"column":30}},"loc":{"start":{"line":5,"column":30},"end":{"line":19,"column":1}}},"1":{"name":"createTheme","decl":{"start":{"line":21,"column":22},"end":{"line":21,"column":33}},"loc":{"start":{"line":21,"column":64},"end":{"line":28,"column":1}}},"2":{"name":"getThemeById","decl":{"start":{"line":30,"column":22},"end":{"line":30,"column":34}},"loc":{"start":{"line":30,"column":51},"end":{"line":71,"column":1}}},"3":{"name":"getThemeByName","decl":{"start":{"line":73,"column":22},"end":{"line":73,"column":36}},"loc":{"start":{"line":73,"column":51},"end":{"line":92,"column":1}}},"4":{"name":"findThemeByTitle","decl":{"start":{"line":94,"column":22},"end":{"line":94,"column":38}},"loc":{"start":{"line":94,"column":52},"end":{"line":103,"column":1}}},"5":{"name":"getThemesFromUser","decl":{"start":{"line":105,"column":22},"end":{"line":105,"column":39}},"loc":{"start":{"line":105,"column":55},"end":{"line":114,"column":1}}},"6":{"name":"deleteTheme","decl":{"start":{"line":116,"column":22},"end":{"line":116,"column":33}},"loc":{"start":{"line":116,"column":50},"end":{"line":122,"column":1}}},"7":{"name":"updateTheme","decl":{"start":{"line":124,"column":22},"end":{"line":124,"column":33}},"loc":{"start":{"line":124,"column":65},"end":{"line":133,"column":1}}}},"branchMap":{},"s":{"0":2,"1":0,"2":2,"3":0,"4":2,"5":0,"6":2,"7":0,"8":2,"9":0,"10":2,"11":0,"12":2,"13":0,"14":2,"15":0,"16":2,"17":2,"18":2},"f":{"0":0,"1":0,"2":0,"3":0,"4":0,"5":0,"6":0,"7":0},"b":{}}
,"/home/taiana/Área de Trabalho/Driven/Projetos/projeto_autoral_backend/src/routers/bookRouter.ts": {"path":"/home/taiana/Área de Trabalho/Driven/Projetos/projeto_autoral_backend/src/routers/bookRouter.ts","statementMap":{"0":{"start":{"line":1,"column":0},"end":{"line":1,"column":53}},"1":{"start":{"line":2,"column":0},"end":{"line":2,"column":41}},"2":{"start":{"line":3,"column":0},"end":{"line":3,"column":75}},"3":{"start":{"line":4,"column":0},"end":{"line":4,"column":57}},"4":{"start":{"line":5,"column":0},"end":{"line":5,"column":33}},"5":{"start":{"line":7,"column":19},"end":{"line":7,"column":27}},"6":{"start":{"line":14,"column":9},"end":{"line":14,"column":19}},"7":{"start":{"line":9,"column":0},"end":{"line":12,"column":45}}},"fnMap":{},"branchMap":{},"s":{"0":2,"1":2,"2":2,"3":2,"4":2,"5":2,"6":2,"7":2},"f":{},"b":{}}
,"/home/taiana/Área de Trabalho/Driven/Projetos/projeto_autoral_backend/src/routers/favoriteRouter.ts": {"path":"/home/taiana/Área de Trabalho/Driven/Projetos/projeto_autoral_backend/src/routers/favoriteRouter.ts","statementMap":{"0":{"start":{"line":1,"column":0},"end":{"line":1,"column":74}},"1":{"start":{"line":2,"column":0},"end":{"line":2,"column":75}},"2":{"start":{"line":3,"column":0},"end":{"line":3,"column":33}},"3":{"start":{"line":5,"column":23},"end":{"line":5,"column":31}},"4":{"start":{"line":13,"column":9},"end":{"line":13,"column":23}},"5":{"start":{"line":7,"column":0},"end":{"line":11,"column":34}}},"fnMap":{},"branchMap":{},"s":{"0":2,"1":2,"2":2,"3":2,"4":2,"5":2},"f":{},"b":{}}
,"/home/taiana/Área de Trabalho/Driven/Projetos/projeto_autoral_backend/src/routers/index.ts": {"path":"/home/taiana/Área de Trabalho/Driven/Projetos/projeto_autoral_backend/src/routers/index.ts","statementMap":{"0":{"start":{"line":1,"column":0},"end":{"line":1,"column":30}},"1":{"start":{"line":2,"column":0},"end":{"line":2,"column":31}},"2":{"start":{"line":3,"column":0},"end":{"line":3,"column":30}},"3":{"start":{"line":4,"column":0},"end":{"line":4,"column":33}},"4":{"start":{"line":5,"column":0},"end":{"line":5,"column":29}},"5":{"start":{"line":6,"column":0},"end":{"line":6,"column":30}},"6":{"start":{"line":7,"column":0},"end":{"line":7,"column":30}},"7":{"start":{"line":8,"column":0},"end":{"line":8,"column":29}}},"fnMap":{},"branchMap":{},"s":{"0":2,"1":2,"2":2,"3":2,"4":2,"5":2,"6":2,"7":2},"f":{},"b":{}}
,"/home/taiana/Área de Trabalho/Driven/Projetos/projeto_autoral_backend/src/routers/movieRouter.ts": {"path":"/home/taiana/Área de Trabalho/Driven/Projetos/projeto_autoral_backend/src/routers/movieRouter.ts","statementMap":{"0":{"start":{"line":1,"column":0},"end":{"line":1,"column":55}},"1":{"start":{"line":2,"column":0},"end":{"line":2,"column":41}},"2":{"start":{"line":3,"column":0},"end":{"line":3,"column":75}},"3":{"start":{"line":4,"column":0},"end":{"line":4,"column":59}},"4":{"start":{"line":5,"column":0},"end":{"line":5,"column":33}},"5":{"start":{"line":7,"column":20},"end":{"line":7,"column":28}},"6":{"start":{"line":14,"column":9},"end":{"line":14,"column":20}},"7":{"start":{"line":9,"column":0},"end":{"line":12,"column":47}}},"fnMap":{},"branchMap":{},"s":{"0":2,"1":2,"2":2,"3":2,"4":2,"5":2,"6":2,"7":2},"f":{},"b":{}}
,"/home/taiana/Área de Trabalho/Driven/Projetos/projeto_autoral_backend/src/routers/serieRouter.ts": {"path":"/home/taiana/Área de Trabalho/Driven/Projetos/projeto_autoral_backend/src/routers/serieRouter.ts","statementMap":{"0":{"start":{"line":1,"column":0},"end":{"line":1,"column":55}},"1":{"start":{"line":2,"column":0},"end":{"line":2,"column":41}},"2":{"start":{"line":3,"column":0},"end":{"line":3,"column":75}},"3":{"start":{"line":4,"column":0},"end":{"line":4,"column":59}},"4":{"start":{"line":5,"column":0},"end":{"line":5,"column":33}},"5":{"start":{"line":7,"column":20},"end":{"line":7,"column":28}},"6":{"start":{"line":14,"column":9},"end":{"line":14,"column":20}},"7":{"start":{"line":9,"column":0},"end":{"line":12,"column":47}}},"fnMap":{},"branchMap":{},"s":{"0":2,"1":2,"2":2,"3":2,"4":2,"5":2,"6":2,"7":2},"f":{},"b":{}}
,"/home/taiana/Área de Trabalho/Driven/Projetos/projeto_autoral_backend/src/routers/signInRouter.ts": {"path":"/home/taiana/Área de Trabalho/Driven/Projetos/projeto_autoral_backend/src/routers/signInRouter.ts","statementMap":{"0":{"start":{"line":1,"column":0},"end":{"line":1,"column":39}},"1":{"start":{"line":2,"column":0},"end":{"line":2,"column":41}},"2":{"start":{"line":3,"column":0},"end":{"line":3,"column":41}},"3":{"start":{"line":4,"column":0},"end":{"line":4,"column":33}},"4":{"start":{"line":6,"column":21},"end":{"line":6,"column":29}},"5":{"start":{"line":10,"column":9},"end":{"line":10,"column":21}},"6":{"start":{"line":8,"column":0},"end":{"line":8,"column":55}}},"fnMap":{},"branchMap":{},"s":{"0":2,"1":2,"2":2,"3":2,"4":2,"5":2,"6":2},"f":{},"b":{}}
,"/home/taiana/Área de Trabalho/Driven/Projetos/projeto_autoral_backend/src/routers/singUpRoute.ts": {"path":"/home/taiana/Área de Trabalho/Driven/Projetos/projeto_autoral_backend/src/routers/singUpRoute.ts","statementMap":{"0":{"start":{"line":1,"column":0},"end":{"line":1,"column":39}},"1":{"start":{"line":2,"column":0},"end":{"line":2,"column":41}},"2":{"start":{"line":3,"column":0},"end":{"line":3,"column":41}},"3":{"start":{"line":4,"column":0},"end":{"line":4,"column":33}},"4":{"start":{"line":6,"column":21},"end":{"line":6,"column":29}},"5":{"start":{"line":10,"column":9},"end":{"line":10,"column":21}},"6":{"start":{"line":8,"column":0},"end":{"line":8,"column":55}}},"fnMap":{},"branchMap":{},"s":{"0":2,"1":2,"2":2,"3":2,"4":2,"5":2,"6":2},"f":{},"b":{}}
,"/home/taiana/Área de Trabalho/Driven/Projetos/projeto_autoral_backend/src/routers/songRouter.ts": {"path":"/home/taiana/Área de Trabalho/Driven/Projetos/projeto_autoral_backend/src/routers/songRouter.ts","statementMap":{"0":{"start":{"line":1,"column":0},"end":{"line":1,"column":53}},"1":{"start":{"line":2,"column":0},"end":{"line":2,"column":41}},"2":{"start":{"line":3,"column":0},"end":{"line":3,"column":75}},"3":{"start":{"line":4,"column":0},"end":{"line":4,"column":57}},"4":{"start":{"line":5,"column":0},"end":{"line":5,"column":33}},"5":{"start":{"line":7,"column":19},"end":{"line":7,"column":27}},"6":{"start":{"line":14,"column":9},"end":{"line":14,"column":19}},"7":{"start":{"line":9,"column":0},"end":{"line":12,"column":54}}},"fnMap":{},"branchMap":{},"s":{"0":2,"1":2,"2":2,"3":2,"4":2,"5":2,"6":2,"7":2},"f":{},"b":{}}
,"/home/taiana/Área de Trabalho/Driven/Projetos/projeto_autoral_backend/src/routers/themeRouter.ts": {"path":"/home/taiana/Área de Trabalho/Driven/Projetos/projeto_autoral_backend/src/routers/themeRouter.ts","statementMap":{"0":{"start":{"line":1,"column":0},"end":{"line":1,"column":null}},"1":{"start":{"line":11,"column":0},"end":{"line":11,"column":41}},"2":{"start":{"line":12,"column":0},"end":{"line":12,"column":75}},"3":{"start":{"line":13,"column":0},"end":{"line":13,"column":40}},"4":{"start":{"line":14,"column":0},"end":{"line":14,"column":33}},"5":{"start":{"line":16,"column":20},"end":{"line":16,"column":28}},"6":{"start":{"line":27,"column":9},"end":{"line":27,"column":20}},"7":{"start":{"line":17,"column":0},"end":{"line":25,"column":31}}},"fnMap":{},"branchMap":{},"s":{"0":2,"1":2,"2":2,"3":2,"4":2,"5":2,"6":2,"7":2},"f":{},"b":{}}
,"/home/taiana/Área de Trabalho/Driven/Projetos/projeto_autoral_backend/src/schemas/bookSchema.ts": {"path":"/home/taiana/Área de Trabalho/Driven/Projetos/projeto_autoral_backend/src/schemas/bookSchema.ts","statementMap":{"0":{"start":{"line":1,"column":0},"end":{"line":1,"column":22}},"1":{"start":{"line":3,"column":13},"end":{"line":7,"column":3}},"2":{"start":{"line":9,"column":13},"end":{"line":13,"column":3}}},"fnMap":{},"branchMap":{},"s":{"0":2,"1":2,"2":2},"f":{},"b":{}}
,"/home/taiana/Área de Trabalho/Driven/Projetos/projeto_autoral_backend/src/schemas/index.ts": {"path":"/home/taiana/Área de Trabalho/Driven/Projetos/projeto_autoral_backend/src/schemas/index.ts","statementMap":{"0":{"start":{"line":1,"column":0},"end":{"line":1,"column":31}},"1":{"start":{"line":2,"column":0},"end":{"line":2,"column":31}},"2":{"start":{"line":3,"column":0},"end":{"line":3,"column":30}},"3":{"start":{"line":4,"column":0},"end":{"line":4,"column":29}},"4":{"start":{"line":5,"column":0},"end":{"line":5,"column":30}},"5":{"start":{"line":6,"column":0},"end":{"line":6,"column":30}},"6":{"start":{"line":7,"column":0},"end":{"line":7,"column":29}}},"fnMap":{},"branchMap":{},"s":{"0":2,"1":2,"2":2,"3":2,"4":2,"5":2,"6":2},"f":{},"b":{}}
,"/home/taiana/Área de Trabalho/Driven/Projetos/projeto_autoral_backend/src/schemas/movieSchema.ts": {"path":"/home/taiana/Área de Trabalho/Driven/Projetos/projeto_autoral_backend/src/schemas/movieSchema.ts","statementMap":{"0":{"start":{"line":1,"column":0},"end":{"line":1,"column":22}},"1":{"start":{"line":3,"column":13},"end":{"line":7,"column":3}},"2":{"start":{"line":9,"column":13},"end":{"line":13,"column":3}}},"fnMap":{},"branchMap":{},"s":{"0":2,"1":2,"2":2},"f":{},"b":{}}
,"/home/taiana/Área de Trabalho/Driven/Projetos/projeto_autoral_backend/src/schemas/serieSchema.ts": {"path":"/home/taiana/Área de Trabalho/Driven/Projetos/projeto_autoral_backend/src/schemas/serieSchema.ts","statementMap":{"0":{"start":{"line":1,"column":0},"end":{"line":1,"column":22}},"1":{"start":{"line":3,"column":13},"end":{"line":7,"column":3}},"2":{"start":{"line":9,"column":13},"end":{"line":13,"column":3}}},"fnMap":{},"branchMap":{},"s":{"0":2,"1":2,"2":2},"f":{},"b":{}}
,"/home/taiana/Área de Trabalho/Driven/Projetos/projeto_autoral_backend/src/schemas/signInSchema.ts": {"path":"/home/taiana/Área de Trabalho/Driven/Projetos/projeto_autoral_backend/src/schemas/signInSchema.ts","statementMap":{"0":{"start":{"line":1,"column":0},"end":{"line":1,"column":22}},"1":{"start":{"line":3,"column":13},"end":{"line":6,"column":3}}},"fnMap":{},"branchMap":{},"s":{"0":2,"1":2},"f":{},"b":{}}
,"/home/taiana/Área de Trabalho/Driven/Projetos/projeto_autoral_backend/src/schemas/signUpSchema.ts": {"path":"/home/taiana/Área de Trabalho/Driven/Projetos/projeto_autoral_backend/src/schemas/signUpSchema.ts","statementMap":{"0":{"start":{"line":1,"column":0},"end":{"line":1,"column":22}},"1":{"start":{"line":3,"column":13},"end":{"line":9,"column":3}}},"fnMap":{},"branchMap":{},"s":{"0":2,"1":2},"f":{},"b":{}}
,"/home/taiana/Área de Trabalho/Driven/Projetos/projeto_autoral_backend/src/schemas/songSchema.ts": {"path":"/home/taiana/Área de Trabalho/Driven/Projetos/projeto_autoral_backend/src/schemas/songSchema.ts","statementMap":{"0":{"start":{"line":1,"column":0},"end":{"line":1,"column":22}},"1":{"start":{"line":3,"column":13},"end":{"line":7,"column":3}},"2":{"start":{"line":9,"column":13},"end":{"line":13,"column":3}}},"fnMap":{},"branchMap":{},"s":{"0":2,"1":2,"2":2},"f":{},"b":{}}
,"/home/taiana/Área de Trabalho/Driven/Projetos/projeto_autoral_backend/src/schemas/themeSchema.ts": {"path":"/home/taiana/Área de Trabalho/Driven/Projetos/projeto_autoral_backend/src/schemas/themeSchema.ts","statementMap":{"0":{"start":{"line":1,"column":0},"end":{"line":1,"column":22}},"1":{"start":{"line":3,"column":13},"end":{"line":5,"column":3}}},"fnMap":{},"branchMap":{},"s":{"0":2,"1":2},"f":{},"b":{}}
,"/home/taiana/Área de Trabalho/Driven/Projetos/projeto_autoral_backend/src/services/index.ts": {"path":"/home/taiana/Área de Trabalho/Driven/Projetos/projeto_autoral_backend/src/services/index.ts","statementMap":{"0":{"start":{"line":1,"column":0},"end":{"line":1,"column":32}},"1":{"start":{"line":2,"column":0},"end":{"line":2,"column":32}},"2":{"start":{"line":3,"column":0},"end":{"line":3,"column":31}},"3":{"start":{"line":4,"column":0},"end":{"line":4,"column":34}},"4":{"start":{"line":5,"column":0},"end":{"line":5,"column":30}},"5":{"start":{"line":6,"column":0},"end":{"line":6,"column":31}},"6":{"start":{"line":7,"column":0},"end":{"line":7,"column":31}},"7":{"start":{"line":8,"column":0},"end":{"line":8,"column":30}}},"fnMap":{},"branchMap":{},"s":{"0":2,"1":2,"2":2,"3":2,"4":2,"5":2,"6":2,"7":2},"f":{},"b":{}}
,"/home/taiana/Área de Trabalho/Driven/Projetos/projeto_autoral_backend/src/services/bookService/index.ts": {"path":"/home/taiana/Área de Trabalho/Driven/Projetos/projeto_autoral_backend/src/services/bookService/index.ts","statementMap":{"0":{"start":{"line":1,"column":0},"end":{"line":1,"column":41}},"1":{"start":{"line":3,"column":0},"end":{"line":3,"column":63}},"2":{"start":{"line":7,"column":15},"end":{"line":7,"column":51}},"3":{"start":{"line":8,"column":2},"end":{"line":8,"column":34}},"4":{"start":{"line":8,"column":12},"end":{"line":8,"column":34}},"5":{"start":{"line":6,"column":0},"end":{"line":6,"column":7}},"6":{"start":{"line":12,"column":19},"end":{"line":17,"column":4}},"7":{"start":{"line":18,"column":2},"end":{"line":18,"column":18}},"8":{"start":{"line":11,"column":0},"end":{"line":11,"column":7}},"9":{"start":{"line":22,"column":2},"end":{"line":22,"column":null}},"10":{"start":{"line":24,"column":17},"end":{"line":24,"column":67}},"11":{"start":{"line":25,"column":2},"end":{"line":25,"column":null}},"12":{"start":{"line":21,"column":0},"end":{"line":21,"column":7}},"13":{"start":{"line":28,"column":20},"end":{"line":31,"column":2}},"14":{"start":{"line":33,"column":9},"end":{"line":33,"column":20}}},"fnMap":{"0":{"name":"getBookById","decl":{"start":{"line":6,"column":22},"end":{"line":6,"column":33}},"loc":{"start":{"line":6,"column":44},"end":{"line":9,"column":1}}},"1":{"name":"postBook","decl":{"start":{"line":11,"column":22},"end":{"line":11,"column":30}},"loc":{"start":{"line":11,"column":75},"end":{"line":19,"column":1}}},"2":{"name":"updateBook","decl":{"start":{"line":21,"column":22},"end":{"line":21,"column":32}},"loc":{"start":{"line":21,"column":73},"end":{"line":26,"column":1}}}},"branchMap":{"0":{"loc":{"start":{"line":8,"column":2},"end":{"line":8,"column":34}},"type":"if","locations":[{"start":{"line":8,"column":2},"end":{"line":8,"column":34}}]}},"s":{"0":2,"1":2,"2":0,"3":0,"4":0,"5":2,"6":0,"7":0,"8":2,"9":0,"10":0,"11":0,"12":2,"13":2,"14":2},"f":{"0":0,"1":0,"2":0},"b":{"0":[0]}}
,"/home/taiana/Área de Trabalho/Driven/Projetos/projeto_autoral_backend/src/services/favoriteService/index.ts": {"path":"/home/taiana/Área de Trabalho/Driven/Projetos/projeto_autoral_backend/src/services/favoriteService/index.ts","statementMap":{"0":{"start":{"line":1,"column":0},"end":{"line":1,"column":43}},"1":{"start":{"line":2,"column":0},"end":{"line":2,"column":71}},"2":{"start":{"line":6,"column":19},"end":{"line":6,"column":64}},"3":{"start":{"line":7,"column":2},"end":{"line":7,"column":18}},"4":{"start":{"line":5,"column":0},"end":{"line":5,"column":7}},"5":{"start":{"line":11,"column":23},"end":{"line":11,"column":79}},"6":{"start":{"line":12,"column":2},"end":{"line":12,"column":22}},"7":{"start":{"line":10,"column":0},"end":{"line":10,"column":7}},"8":{"start":{"line":16,"column":18},"end":{"line":16,"column":43}},"9":{"start":{"line":17,"column":2},"end":{"line":17,"column":40}},"10":{"start":{"line":17,"column":16},"end":{"line":17,"column":40}},"11":{"start":{"line":19,"column":2},"end":{"line":19,"column":46}},"12":{"start":{"line":15,"column":0},"end":{"line":15,"column":7}},"13":{"start":{"line":23,"column":16},"end":{"line":23,"column":60}},"14":{"start":{"line":24,"column":2},"end":{"line":24,"column":15}},"15":{"start":{"line":22,"column":0},"end":{"line":22,"column":7}},"16":{"start":{"line":27,"column":24},"end":{"line":31,"column":2}},"17":{"start":{"line":33,"column":9},"end":{"line":33,"column":24}}},"fnMap":{"0":{"name":"getFavorite","decl":{"start":{"line":5,"column":22},"end":{"line":5,"column":33}},"loc":{"start":{"line":5,"column":49},"end":{"line":8,"column":1}}},"1":{"name":"postFavorite","decl":{"start":{"line":10,"column":22},"end":{"line":10,"column":34}},"loc":{"start":{"line":10,"column":68},"end":{"line":13,"column":1}}},"2":{"name":"deleteFavorite","decl":{"start":{"line":15,"column":22},"end":{"line":15,"column":36}},"loc":{"start":{"line":15,"column":47},"end":{"line":20,"column":1}}},"3":{"name":"getFavoriteById","decl":{"start":{"line":22,"column":22},"end":{"line":22,"column":37}},"loc":{"start":{"line":22,"column":48},"end":{"line":25,"column":1}}}},"branchMap":{"0":{"loc":{"start":{"line":17,"column":2},"end":{"line":17,"column":40}},"type":"if","locations":[{"start":{"line":17,"column":2},"end":{"line":17,"column":40}}]}},"s":{"0":2,"1":2,"2":0,"3":0,"4":2,"5":0,"6":0,"7":2,"8":0,"9":0,"10":0,"11":0,"12":2,"13":0,"14":0,"15":2,"16":2,"17":2},"f":{"0":0,"1":0,"2":0,"3":0},"b":{"0":[0]}}
,"/home/taiana/Área de Trabalho/Driven/Projetos/projeto_autoral_backend/src/services/movieService/index.ts": {"path":"/home/taiana/Área de Trabalho/Driven/Projetos/projeto_autoral_backend/src/services/movieService/index.ts","statementMap":{"0":{"start":{"line":1,"column":0},"end":{"line":1,"column":41}},"1":{"start":{"line":3,"column":0},"end":{"line":3,"column":65}},"2":{"start":{"line":7,"column":16},"end":{"line":7,"column":54}},"3":{"start":{"line":8,"column":2},"end":{"line":8,"column":35}},"4":{"start":{"line":8,"column":13},"end":{"line":8,"column":35}},"5":{"start":{"line":6,"column":0},"end":{"line":6,"column":7}},"6":{"start":{"line":12,"column":15},"end":{"line":17,"column":4}},"7":{"start":{"line":18,"column":2},"end":{"line":18,"column":14}},"8":{"start":{"line":11,"column":0},"end":{"line":11,"column":7}},"9":{"start":{"line":22,"column":2},"end":{"line":22,"column":null}},"10":{"start":{"line":24,"column":17},"end":{"line":24,"column":72}},"11":{"start":{"line":25,"column":2},"end":{"line":25,"column":null}},"12":{"start":{"line":21,"column":0},"end":{"line":21,"column":7}},"13":{"start":{"line":28,"column":21},"end":{"line":32,"column":2}},"14":{"start":{"line":34,"column":9},"end":{"line":34,"column":21}}},"fnMap":{"0":{"name":"getMovieById","decl":{"start":{"line":6,"column":22},"end":{"line":6,"column":34}},"loc":{"start":{"line":6,"column":45},"end":{"line":9,"column":1}}},"1":{"name":"postMovie","decl":{"start":{"line":11,"column":22},"end":{"line":11,"column":31}},"loc":{"start":{"line":11,"column":80},"end":{"line":19,"column":1}}},"2":{"name":"updateMovie","decl":{"start":{"line":21,"column":22},"end":{"line":21,"column":33}},"loc":{"start":{"line":21,"column":78},"end":{"line":26,"column":1}}}},"branchMap":{"0":{"loc":{"start":{"line":8,"column":2},"end":{"line":8,"column":35}},"type":"if","locations":[{"start":{"line":8,"column":2},"end":{"line":8,"column":35}}]}},"s":{"0":2,"1":2,"2":0,"3":0,"4":0,"5":2,"6":0,"7":0,"8":2,"9":0,"10":0,"11":0,"12":2,"13":2,"14":2},"f":{"0":0,"1":0,"2":0},"b":{"0":[0]}}
,"/home/taiana/Área de Trabalho/Driven/Projetos/projeto_autoral_backend/src/services/serieService/index.ts": {"path":"/home/taiana/Área de Trabalho/Driven/Projetos/projeto_autoral_backend/src/services/serieService/index.ts","statementMap":{"0":{"start":{"line":1,"column":0},"end":{"line":1,"column":41}},"1":{"start":{"line":3,"column":0},"end":{"line":3,"column":65}},"2":{"start":{"line":8,"column":16},"end":{"line":8,"column":54}},"3":{"start":{"line":9,"column":2},"end":{"line":9,"column":35}},"4":{"start":{"line":9,"column":13},"end":{"line":9,"column":35}},"5":{"start":{"line":7,"column":0},"end":{"line":7,"column":7}},"6":{"start":{"line":13,"column":15},"end":{"line":13,"column":85}},"7":{"start":{"line":14,"column":2},"end":{"line":14,"column":14}},"8":{"start":{"line":12,"column":0},"end":{"line":12,"column":7}},"9":{"start":{"line":18,"column":2},"end":{"line":18,"column":null}},"10":{"start":{"line":20,"column":17},"end":{"line":20,"column":72}},"11":{"start":{"line":21,"column":2},"end":{"line":21,"column":16}},"12":{"start":{"line":17,"column":0},"end":{"line":17,"column":7}},"13":{"start":{"line":24,"column":21},"end":{"line":28,"column":2}},"14":{"start":{"line":30,"column":9},"end":{"line":30,"column":21}}},"fnMap":{"0":{"name":"getSerieById","decl":{"start":{"line":7,"column":22},"end":{"line":7,"column":34}},"loc":{"start":{"line":7,"column":45},"end":{"line":10,"column":1}}},"1":{"name":"postSerie","decl":{"start":{"line":12,"column":22},"end":{"line":12,"column":31}},"loc":{"start":{"line":12,"column":80},"end":{"line":15,"column":1}}},"2":{"name":"updateSerie","decl":{"start":{"line":17,"column":22},"end":{"line":17,"column":33}},"loc":{"start":{"line":17,"column":78},"end":{"line":22,"column":1}}}},"branchMap":{"0":{"loc":{"start":{"line":9,"column":2},"end":{"line":9,"column":35}},"type":"if","locations":[{"start":{"line":9,"column":2},"end":{"line":9,"column":35}}]}},"s":{"0":2,"1":2,"2":0,"3":0,"4":0,"5":2,"6":0,"7":0,"8":2,"9":0,"10":0,"11":0,"12":2,"13":2,"14":2},"f":{"0":0,"1":0,"2":0},"b":{"0":[0]}}
,"/home/taiana/Área de Trabalho/Driven/Projetos/projeto_autoral_backend/src/services/signInService/index.ts": {"path":"/home/taiana/Área de Trabalho/Driven/Projetos/projeto_autoral_backend/src/services/signInService/index.ts","statementMap":{"0":{"start":{"line":1,"column":0},"end":{"line":1,"column":28}},"1":{"start":{"line":2,"column":0},"end":{"line":2,"column":31}},"2":{"start":{"line":3,"column":0},"end":{"line":3,"column":74}},"3":{"start":{"line":4,"column":0},"end":{"line":4,"column":67}},"4":{"start":{"line":9,"column":15},"end":{"line":9,"column":44}},"5":{"start":{"line":10,"column":2},"end":{"line":10,"column":48}},"6":{"start":{"line":12,"column":16},"end":{"line":12,"column":69}},"7":{"start":{"line":14,"column":2},"end":{"line":19,"column":4}},"8":{"start":{"line":8,"column":0},"end":{"line":8,"column":7}},"9":{"start":{"line":23,"column":15},"end":{"line":23,"column":56}},"10":{"start":{"line":24,"column":2},"end":{"line":24,"column":45}},"11":{"start":{"line":24,"column":13},"end":{"line":24,"column":45}},"12":{"start":{"line":26,"column":2},"end":{"line":26,"column":14}},"13":{"start":{"line":22,"column":0},"end":{"line":22,"column":7}},"14":{"start":{"line":30,"column":25},"end":{"line":30,"column":69}},"15":{"start":{"line":31,"column":2},"end":{"line":31,"column":55}},"16":{"start":{"line":31,"column":23},"end":{"line":31,"column":55}},"17":{"start":{"line":29,"column":0},"end":{"line":29,"column":7}},"18":{"start":{"line":34,"column":22},"end":{"line":36,"column":2}},"19":{"start":{"line":38,"column":9},"end":{"line":38,"column":22}}},"fnMap":{"0":{"name":"signIn","decl":{"start":{"line":8,"column":22},"end":{"line":8,"column":28}},"loc":{"start":{"line":8,"column":60},"end":{"line":20,"column":1}}},"1":{"name":"verifyCredential","decl":{"start":{"line":22,"column":22},"end":{"line":22,"column":38}},"loc":{"start":{"line":22,"column":52},"end":{"line":27,"column":1}}},"2":{"name":"verifyPassword","decl":{"start":{"line":29,"column":22},"end":{"line":29,"column":36}},"loc":{"start":{"line":29,"column":75},"end":{"line":32,"column":1}}}},"branchMap":{"0":{"loc":{"start":{"line":24,"column":2},"end":{"line":24,"column":45}},"type":"if","locations":[{"start":{"line":24,"column":2},"end":{"line":24,"column":45}}]},"1":{"loc":{"start":{"line":31,"column":2},"end":{"line":31,"column":55}},"type":"if","locations":[{"start":{"line":31,"column":2},"end":{"line":31,"column":55}}]}},"s":{"0":2,"1":2,"2":2,"3":2,"4":4,"5":2,"6":2,"7":2,"8":2,"9":4,"10":4,"11":2,"12":2,"13":2,"14":2,"15":2,"16":0,"17":2,"18":2,"19":2},"f":{"0":4,"1":4,"2":2},"b":{"0":[2],"1":[0]}}
,"/home/taiana/Área de Trabalho/Driven/Projetos/projeto_autoral_backend/src/services/signUpService/index.ts": {"path":"/home/taiana/Área de Trabalho/Driven/Projetos/projeto_autoral_backend/src/services/signUpService/index.ts","statementMap":{"0":{"start":{"line":1,"column":0},"end":{"line":1,"column":28}},"1":{"start":{"line":2,"column":0},"end":{"line":2,"column":69}},"2":{"start":{"line":3,"column":0},"end":{"line":3,"column":73}},"3":{"start":{"line":7,"column":2},"end":{"line":7,"column":29}},"4":{"start":{"line":9,"column":25},"end":{"line":9,"column":56}},"5":{"start":{"line":11,"column":22},"end":{"line":11,"column":92}},"6":{"start":{"line":13,"column":2},"end":{"line":13,"column":21}},"7":{"start":{"line":6,"column":0},"end":{"line":6,"column":7}},"8":{"start":{"line":17,"column":26},"end":{"line":17,"column":67}},"9":{"start":{"line":18,"column":2},"end":{"line":18,"column":52}},"10":{"start":{"line":18,"column":23},"end":{"line":18,"column":52}},"11":{"start":{"line":21,"column":22},"end":{"line":23,"column":2}},"12":{"start":{"line":25,"column":9},"end":{"line":25,"column":22}}},"fnMap":{"0":{"name":"signUp","decl":{"start":{"line":6,"column":22},"end":{"line":6,"column":28}},"loc":{"start":{"line":6,"column":90},"end":{"line":14,"column":1}}},"1":{"name":"validateEmail","decl":{"start":{"line":16,"column":15},"end":{"line":16,"column":28}},"loc":{"start":{"line":16,"column":42},"end":{"line":19,"column":1}}}},"branchMap":{"0":{"loc":{"start":{"line":18,"column":2},"end":{"line":18,"column":52}},"type":"if","locations":[{"start":{"line":18,"column":2},"end":{"line":18,"column":52}}]}},"s":{"0":2,"1":2,"2":2,"3":4,"4":3,"5":3,"6":3,"7":2,"8":4,"9":4,"10":1,"11":2,"12":2},"f":{"0":4,"1":4},"b":{"0":[1]}}
,"/home/taiana/Área de Trabalho/Driven/Projetos/projeto_autoral_backend/src/services/songService/index.ts": {"path":"/home/taiana/Área de Trabalho/Driven/Projetos/projeto_autoral_backend/src/services/songService/index.ts","statementMap":{"0":{"start":{"line":1,"column":0},"end":{"line":1,"column":41}},"1":{"start":{"line":3,"column":0},"end":{"line":3,"column":63}},"2":{"start":{"line":8,"column":15},"end":{"line":8,"column":51}},"3":{"start":{"line":9,"column":2},"end":{"line":9,"column":34}},"4":{"start":{"line":9,"column":12},"end":{"line":9,"column":34}},"5":{"start":{"line":7,"column":0},"end":{"line":7,"column":7}},"6":{"start":{"line":13,"column":15},"end":{"line":13,"column":83}},"7":{"start":{"line":14,"column":2},"end":{"line":14,"column":14}},"8":{"start":{"line":12,"column":0},"end":{"line":12,"column":7}},"9":{"start":{"line":18,"column":2},"end":{"line":18,"column":null}},"10":{"start":{"line":20,"column":15},"end":{"line":20,"column":68}},"11":{"start":{"line":21,"column":2},"end":{"line":21,"column":14}},"12":{"start":{"line":17,"column":0},"end":{"line":17,"column":7}},"13":{"start":{"line":24,"column":20},"end":{"line":27,"column":2}},"14":{"start":{"line":29,"column":9},"end":{"line":29,"column":20}}},"fnMap":{"0":{"name":"getSongById","decl":{"start":{"line":7,"column":22},"end":{"line":7,"column":33}},"loc":{"start":{"line":7,"column":44},"end":{"line":10,"column":1}}},"1":{"name":"postSong","decl":{"start":{"line":12,"column":22},"end":{"line":12,"column":30}},"loc":{"start":{"line":12,"column":78},"end":{"line":15,"column":1}}},"2":{"name":"updateSong","decl":{"start":{"line":17,"column":22},"end":{"line":17,"column":32}},"loc":{"start":{"line":17,"column":77},"end":{"line":22,"column":1}}}},"branchMap":{"0":{"loc":{"start":{"line":9,"column":2},"end":{"line":9,"column":34}},"type":"if","locations":[{"start":{"line":9,"column":2},"end":{"line":9,"column":34}}]}},"s":{"0":2,"1":2,"2":0,"3":0,"4":0,"5":2,"6":0,"7":0,"8":2,"9":0,"10":0,"11":0,"12":2,"13":2,"14":2},"f":{"0":0,"1":0,"2":0},"b":{"0":[0]}}
,"/home/taiana/Área de Trabalho/Driven/Projetos/projeto_autoral_backend/src/services/themeService/index.ts": {"path":"/home/taiana/Área de Trabalho/Driven/Projetos/projeto_autoral_backend/src/services/themeService/index.ts","statementMap":{"0":{"start":{"line":1,"column":0},"end":{"line":1,"column":63}},"1":{"start":{"line":3,"column":0},"end":{"line":3,"column":79}},"2":{"start":{"line":7,"column":16},"end":{"line":7,"column":48}},"3":{"start":{"line":8,"column":2},"end":{"line":8,"column":15}},"4":{"start":{"line":6,"column":0},"end":{"line":6,"column":7}},"5":{"start":{"line":12,"column":20},"end":{"line":12,"column":64}},"6":{"start":{"line":13,"column":2},"end":{"line":13,"column":39}},"7":{"start":{"line":13,"column":17},"end":{"line":13,"column":39}},"8":{"start":{"line":14,"column":2},"end":{"line":14,"column":19}},"9":{"start":{"line":11,"column":0},"end":{"line":11,"column":7}},"10":{"start":{"line":18,"column":16},"end":{"line":18,"column":60}},"11":{"start":{"line":19,"column":2},"end":{"line":19,"column":15}},"12":{"start":{"line":17,"column":0},"end":{"line":17,"column":7}},"13":{"start":{"line":23,"column":2},"end":{"line":23,"column":32}},"14":{"start":{"line":25,"column":16},"end":{"line":25,"column":69}},"15":{"start":{"line":26,"column":2},"end":{"line":26,"column":15}},"16":{"start":{"line":22,"column":0},"end":{"line":22,"column":7}},"17":{"start":{"line":30,"column":16},"end":{"line":30,"column":61}},"18":{"start":{"line":31,"column":2},"end":{"line":31,"column":42}},"19":{"start":{"line":31,"column":13},"end":{"line":31,"column":42}},"20":{"start":{"line":32,"column":2},"end":{"line":32,"column":15}},"21":{"start":{"line":29,"column":0},"end":{"line":29,"column":7}},"22":{"start":{"line":36,"column":17},"end":{"line":36,"column":65}},"23":{"start":{"line":37,"column":2},"end":{"line":37,"column":16}},"24":{"start":{"line":35,"column":0},"end":{"line":35,"column":7}},"25":{"start":{"line":41,"column":2},"end":{"line":41,"column":46}},"26":{"start":{"line":40,"column":0},"end":{"line":40,"column":7}},"27":{"start":{"line":45,"column":16},"end":{"line":45,"column":66}},"28":{"start":{"line":46,"column":2},"end":{"line":46,"column":15}},"29":{"start":{"line":44,"column":0},"end":{"line":44,"column":7}},"30":{"start":{"line":49,"column":21},"end":{"line":57,"column":2}},"31":{"start":{"line":59,"column":9},"end":{"line":59,"column":21}}},"fnMap":{"0":{"name":"getTheme","decl":{"start":{"line":6,"column":22},"end":{"line":6,"column":30}},"loc":{"start":{"line":6,"column":30},"end":{"line":9,"column":1}}},"1":{"name":"getThemeById","decl":{"start":{"line":11,"column":22},"end":{"line":11,"column":34}},"loc":{"start":{"line":11,"column":51},"end":{"line":15,"column":1}}},"2":{"name":"getThemeByName","decl":{"start":{"line":17,"column":22},"end":{"line":17,"column":36}},"loc":{"start":{"line":17,"column":51},"end":{"line":20,"column":1}}},"3":{"name":"createTheme","decl":{"start":{"line":22,"column":22},"end":{"line":22,"column":33}},"loc":{"start":{"line":22,"column":64},"end":{"line":27,"column":1}}},"4":{"name":"findThemeByTitle","decl":{"start":{"line":29,"column":22},"end":{"line":29,"column":38}},"loc":{"start":{"line":29,"column":52},"end":{"line":33,"column":1}}},"5":{"name":"getThemesFromUser","decl":{"start":{"line":35,"column":22},"end":{"line":35,"column":39}},"loc":{"start":{"line":35,"column":55},"end":{"line":38,"column":1}}},"6":{"name":"deleteTheme","decl":{"start":{"line":40,"column":22},"end":{"line":40,"column":33}},"loc":{"start":{"line":40,"column":50},"end":{"line":42,"column":1}}},"7":{"name":"updateTheme","decl":{"start":{"line":44,"column":22},"end":{"line":44,"column":33}},"loc":{"start":{"line":44,"column":65},"end":{"line":47,"column":1}}}},"branchMap":{"0":{"loc":{"start":{"line":13,"column":2},"end":{"line":13,"column":39}},"type":"if","locations":[{"start":{"line":13,"column":2},"end":{"line":13,"column":39}}]},"1":{"loc":{"start":{"line":31,"column":2},"end":{"line":31,"column":42}},"type":"if","locations":[{"start":{"line":31,"column":2},"end":{"line":31,"column":42}}]}},"s":{"0":2,"1":2,"2":0,"3":0,"4":2,"5":0,"6":0,"7":0,"8":0,"9":2,"10":0,"11":0,"12":2,"13":0,"14":0,"15":0,"16":2,"17":0,"18":0,"19":0,"20":0,"21":2,"22":0,"23":0,"24":2,"25":0,"26":2,"27":0,"28":0,"29":2,"30":2,"31":2},"f":{"0":0,"1":0,"2":0,"3":0,"4":0,"5":0,"6":0,"7":0},"b":{"0":[0],"1":[0]}}
}
