TN:
SF:src/app.ts
FN:32,init
FN:37,close
FNF:2
FNH:1
FNDA:2,init
FNDA:0,close
DA:1,2
DA:2,2
DA:3,2
DA:4,2
DA:14,2
DA:16,2
DA:18,2
DA:19,2
DA:32,2
DA:33,2
DA:34,2
DA:37,2
DA:38,0
DA:41,2
LF:14
LH:13
BRF:0
BRH:0
end_of_record
TN:
SF:src/server.ts
FN:5,(anonymous_6)
FN:6,(anonymous_7)
FNF:2
FNH:0
FNDA:0,(anonymous_6)
FNDA:0,(anonymous_7)
DA:1,0
DA:3,0
DA:5,0
DA:6,0
DA:7,0
LF:5
LH:0
BRDA:3,0,0,0
BRDA:3,0,1,0
BRF:2
BRH:0
end_of_record
TN:
SF:src/config/database.ts
FN:4,connectDb
FN:8,disconnectDB
FNF:2
FNH:1
FNDA:2,connectDb
FNDA:0,disconnectDB
DA:1,2
DA:4,2
DA:5,2
DA:8,2
DA:9,0
LF:5
LH:4
BRF:0
BRH:0
end_of_record
TN:
SF:src/config/envs.ts
FN:4,loadEnv
FNF:1
FNH:1
FNDA:4,loadEnv
DA:1,2
DA:2,2
DA:4,2
DA:6,4
DA:12,4
DA:13,4
LF:6
LH:6
BRDA:6,0,0,4
BRDA:6,0,1,0
BRDA:8,1,0,0
BRDA:8,1,1,0
BRF:4
BRH:1
end_of_record
TN:
SF:src/config/index.ts
FNF:0
FNH:0
DA:1,2
DA:2,2
LF:2
LH:2
BRF:0
BRH:0
end_of_record
TN:
SF:src/controllers/bookController.ts
FN:8,postBook
FN:20,updateBook
FNF:2
FNH:0
FNDA:0,postBook
FNDA:0,updateBook
DA:3,2
DA:5,2
DA:8,2
DA:9,0
DA:10,0
DA:11,0
DA:12,0
DA:13,0
DA:14,0
DA:16,0
DA:20,2
DA:21,0
DA:22,0
DA:23,0
DA:24,0
DA:25,0
DA:27,0
DA:28,0
LF:18
LH:4
BRDA:11,0,0,0
BRDA:11,1,0,0
BRDA:11,1,1,0
BRDA:11,1,2,0
BRDA:22,2,0,0
BRDA:22,3,0,0
BRDA:22,3,1,0
BRDA:22,3,2,0
BRF:8
BRH:0
end_of_record
TN:
SF:src/controllers/favoriteController.ts
FN:6,getFavorite
FN:16,postFavorite
FN:29,deleteFavorite
FNF:3
FNH:0
FNDA:0,getFavorite
FNDA:0,postFavorite
FNDA:0,deleteFavorite
DA:2,2
DA:4,2
DA:6,2
DA:7,0
DA:8,0
DA:9,0
DA:10,0
DA:12,0
DA:16,2
DA:17,0
DA:18,0
DA:19,0
DA:21,0
DA:22,0
DA:23,0
DA:25,0
DA:29,2
DA:30,0
DA:31,0
DA:33,0
DA:34,0
DA:35,0
DA:37,0
LF:23
LH:5
BRDA:19,0,0,0
BRDA:19,1,0,0
BRDA:19,1,1,0
BRDA:31,2,0,0
BRDA:31,3,0,0
BRDA:31,3,1,0
BRF:6
BRH:0
end_of_record
TN:
SF:src/controllers/index.ts
FNF:0
FNH:0
DA:1,2
DA:2,2
DA:3,2
DA:4,2
DA:5,2
DA:6,2
DA:7,2
DA:8,2
LF:8
LH:8
BRF:0
BRH:0
end_of_record
TN:
SF:src/controllers/movieController.ts
FN:8,postMovie
FN:21,updateMovie
FNF:2
FNH:0
FNDA:0,postMovie
FNDA:0,updateMovie
DA:3,2
DA:5,2
DA:8,2
DA:9,0
DA:10,0
DA:11,0
DA:13,0
DA:14,0
DA:15,0
DA:17,0
DA:21,2
DA:22,0
DA:23,0
DA:25,0
DA:26,0
DA:27,0
DA:29,0
LF:17
LH:4
BRDA:11,0,0,0
BRDA:11,1,0,0
BRDA:11,1,1,0
BRDA:11,1,2,0
BRDA:23,2,0,0
BRDA:23,3,0,0
BRDA:23,3,1,0
BRDA:23,3,2,0
BRF:8
BRH:0
end_of_record
TN:
SF:src/controllers/serieController.ts
FN:8,postSerie
FN:21,updateSerie
FNF:2
FNH:0
FNDA:0,postSerie
FNDA:0,updateSerie
DA:3,2
DA:5,2
DA:8,2
DA:9,0
DA:10,0
DA:11,0
DA:13,0
DA:14,0
DA:15,0
DA:17,0
DA:21,2
DA:22,0
DA:23,0
DA:25,0
DA:26,0
DA:27,0
DA:29,0
LF:17
LH:4
BRDA:11,0,0,0
BRDA:11,1,0,0
BRDA:11,1,1,0
BRDA:11,1,2,0
BRDA:23,2,0,0
BRDA:23,3,0,0
BRDA:23,3,1,0
BRDA:23,3,2,0
BRF:8
BRH:0
end_of_record
TN:
SF:src/controllers/signInController.ts
FN:6,signIn
FNF:1
FNH:1
FNDA:4,signIn
DA:2,2
DA:4,2
DA:6,2
DA:7,4
DA:8,4
DA:9,4
DA:10,4
DA:11,2
DA:13,2
LF:9
LH:9
BRDA:8,0,0,0
BRDA:8,1,0,4
BRDA:8,1,1,4
BRDA:8,1,2,4
BRDA:8,1,3,4
BRF:5
BRH:4
end_of_record
TN:
SF:src/controllers/signUpController.ts
FN:6,signUp
FNF:1
FNH:1
FNDA:4,signUp
DA:2,2
DA:4,2
DA:6,2
DA:7,4
DA:8,4
DA:9,4
DA:10,3
DA:12,1
LF:8
LH:8
BRF:0
BRH:0
end_of_record
TN:
SF:src/controllers/songController.ts
FN:8,postSong
FN:21,updateSong
FNF:2
FNH:0
FNDA:0,postSong
FNDA:0,updateSong
DA:3,2
DA:5,2
DA:8,2
DA:9,0
DA:10,0
DA:11,0
DA:13,0
DA:14,0
DA:15,0
DA:17,0
DA:21,2
DA:22,0
DA:23,0
DA:25,0
DA:26,0
DA:27,0
DA:29,0
DA:30,0
LF:18
LH:4
BRDA:11,0,0,0
BRDA:11,1,0,0
BRDA:11,1,1,0
BRDA:11,1,2,0
BRDA:23,2,0,0
BRDA:23,3,0,0
BRDA:23,3,1,0
BRDA:23,3,2,0
BRF:8
BRH:0
end_of_record
TN:
SF:src/controllers/themeController.ts
FN:7,getTheme
FN:16,getThemeById
FN:28,getThemeByName
FN:38,getThemesFromUser
FN:49,createTheme
FN:62,deleteTheme
FN:75,updateTheme
FNF:7
FNH:0
FNDA:0,getTheme
FNDA:0,getThemeById
FNDA:0,getThemeByName
FNDA:0,getThemesFromUser
FNDA:0,createTheme
FNDA:0,deleteTheme
FNDA:0,updateTheme
DA:3,2
DA:5,2
DA:7,2
DA:8,0
DA:9,0
DA:10,0
DA:12,0
DA:16,2
DA:17,0
DA:18,0
DA:20,0
DA:21,0
DA:22,0
DA:24,0
DA:28,2
DA:29,0
DA:30,0
DA:31,0
DA:32,0
DA:34,0
DA:38,2
DA:39,0
DA:40,0
DA:41,0
DA:42,0
DA:44,0
DA:45,0
DA:49,2
DA:50,0
DA:51,0
DA:52,0
DA:54,0
DA:55,0
DA:56,0
DA:58,0
DA:62,2
DA:63,0
DA:64,0
DA:66,0
DA:67,0
DA:68,0
DA:70,0
DA:75,2
DA:76,0
DA:77,0
DA:78,0
DA:79,0
DA:80,0
DA:81,0
DA:83,0
LF:50
LH:9
BRDA:18,0,0,0
BRDA:18,1,0,0
BRDA:18,1,1,0
BRDA:52,2,0,0
BRDA:64,3,0,0
BRDA:64,4,0,0
BRDA:64,4,1,0
BRDA:78,5,0,0
BRDA:78,6,0,0
BRDA:78,6,1,0
BRDA:78,6,2,0
BRF:11
BRH:0
end_of_record
TN:
SF:src/errors/badRequestError.ts
FN:3,badRequestError
FNF:1
FNH:0
FNDA:0,badRequestError
DA:3,2
DA:4,0
LF:2
LH:1
BRF:0
BRH:0
end_of_record
TN:
SF:src/errors/duplicatedEmailError.ts
FN:3,duplicatedEmailError
FNF:1
FNH:1
FNDA:1,duplicatedEmailError
DA:3,2
DA:4,1
LF:2
LH:2
BRF:0
BRH:0
end_of_record
TN:
SF:src/errors/duplicatedThemeError.ts
FN:3,duplicatedThemeError
FNF:1
FNH:0
FNDA:0,duplicatedThemeError
DA:3,2
DA:4,0
LF:2
LH:1
BRF:0
BRH:0
end_of_record
TN:
SF:src/errors/index.ts
FNF:0
FNH:0
DA:1,2
DA:2,2
DA:3,2
DA:4,2
DA:5,2
DA:6,2
DA:7,2
LF:7
LH:7
BRF:0
BRH:0
end_of_record
TN:
SF:src/errors/invalidCredentialError.ts
FN:3,invalidCredentialsError
FNF:1
FNH:1
FNDA:2,invalidCredentialsError
DA:3,2
DA:4,2
LF:2
LH:2
BRF:0
BRH:0
end_of_record
TN:
SF:src/errors/invalidDataError.ts
FN:3,invalidDataError
FNF:1
FNH:1
FNDA:4,invalidDataError
DA:3,2
DA:4,4
LF:2
LH:2
BRF:0
BRH:0
end_of_record
TN:
SF:src/errors/notFoundError.ts
FN:3,notFoundError
FNF:1
FNH:0
FNDA:0,notFoundError
DA:3,2
DA:4,0
LF:2
LH:1
BRF:0
BRH:0
end_of_record
TN:
SF:src/errors/unauthorizedError.ts
FN:3,unauthorizedError
FNF:1
FNH:0
FNDA:0,unauthorizedError
DA:3,2
DA:4,0
LF:2
LH:1
BRF:0
BRH:0
end_of_record
TN:
SF:src/middlewares/authenticationMiddleware.ts
FN:6,authenticateToken
FNF:1
FNH:0
FNDA:0,authenticateToken
DA:2,2
DA:3,2
DA:4,2
DA:6,2
DA:7,0
DA:8,0
DA:9,0
DA:11,0
DA:12,0
DA:14,0
DA:15,0
DA:17,0
DA:18,0
DA:20,0
DA:22,0
DA:24,0
DA:25,0
DA:27,0
LF:18
LH:4
BRDA:9,0,0,0
BRDA:12,1,0,0
BRDA:15,2,0,0
BRDA:18,3,0,0
BRDA:24,4,0,0
BRF:5
BRH:0
end_of_record
TN:
SF:src/middlewares/errorMiddleware.ts
FN:5,handleApplicationErrors
FNF:1
FNH:1
FNDA:3,handleApplicationErrors
DA:2,2
DA:5,2
DA:6,3
DA:7,1
DA:12,2
DA:13,0
DA:18,2
DA:19,2
DA:24,0
DA:25,0
DA:30,0
DA:31,0
DA:36,0
DA:37,0
DA:42,0
LF:15
LH:7
BRDA:6,0,0,1
BRDA:12,1,0,0
BRDA:18,2,0,2
BRDA:24,3,0,0
BRDA:30,4,0,0
BRDA:36,5,0,0
BRF:6
BRH:2
end_of_record
TN:
SF:src/middlewares/index.ts
FNF:0
FNH:0
DA:1,2
DA:2,2
LF:2
LH:2
BRF:0
BRH:0
end_of_record
TN:
SF:src/middlewares/validationMiddleware.ts
FN:6,validate
FN:7,(anonymous_2)
FN:17,(anonymous_3)
FNF:3
FNH:3
FNDA:24,validate
FNDA:12,(anonymous_2)
FNDA:16,(anonymous_3)
DA:2,2
DA:4,2
DA:6,2
DA:7,24
DA:8,12
DA:12,12
DA:13,8
DA:15,4
DA:17,16
LF:9
LH:9
BRDA:12,0,0,8
BRDA:12,0,1,4
BRF:2
BRH:2
end_of_record
TN:
SF:src/repositories/bookRepository/index.ts
FN:5,getBookById
FN:14,postBook
FN:25,updateBook
FNF:3
FNH:0
FNDA:0,getBookById
FNDA:0,postBook
FNDA:0,updateBook
DA:1,2
DA:5,2
DA:6,0
DA:14,2
DA:15,0
DA:25,2
DA:26,0
DA:37,2
DA:43,2
LF:9
LH:6
BRF:0
BRH:0
end_of_record
TN:
SF:src/repositories/favoriteRepository/index.ts
FN:4,getFavorite
FN:27,postFavorite
FN:36,deleteFavorite
FN:44,getFavoriteById
FNF:4
FNH:0
FNDA:0,getFavorite
FNDA:0,postFavorite
FNDA:0,deleteFavorite
FNDA:0,getFavoriteById
DA:1,2
DA:4,2
DA:5,0
DA:27,2
DA:28,0
DA:36,2
DA:37,0
DA:44,2
DA:45,0
DA:52,2
DA:59,2
LF:11
LH:7
BRF:0
BRH:0
end_of_record
TN:
SF:src/repositories/movieRepository/index.ts
FN:5,getMovieById
FN:14,postMovie
FN:25,updateMovie
FNF:3
FNH:0
FNDA:0,getMovieById
FNDA:0,postMovie
FNDA:0,updateMovie
DA:1,2
DA:5,2
DA:6,0
DA:14,2
DA:15,0
DA:25,2
DA:26,0
DA:37,2
DA:43,2
LF:9
LH:6
BRF:0
BRH:0
end_of_record
TN:
SF:src/repositories/serieRepository/index.ts
FN:5,getSerieById
FN:14,postSerie
FN:25,updateSerie
FNF:3
FNH:0
FNDA:0,getSerieById
FNDA:0,postSerie
FNDA:0,updateSerie
DA:1,2
DA:5,2
DA:6,0
DA:14,2
DA:15,0
DA:25,2
DA:26,0
DA:37,2
DA:43,2
LF:9
LH:6
BRF:0
BRH:0
end_of_record
TN:
SF:src/repositories/signUpRepository/index.ts
FN:4,findByEmail
FN:10,createUser
FNF:2
FNH:2
FNDA:8,findByEmail
FNDA:3,createUser
DA:1,2
DA:5,8
DA:11,3
DA:21,2
DA:26,2
LF:5
LH:5
BRF:0
BRH:0
end_of_record
TN:
SF:src/repositories/songRepository/index.ts
FN:6,getSongById
FN:14,postSong
FN:25,updateSong
FNF:3
FNH:0
FNDA:0,getSongById
FNDA:0,postSong
FNDA:0,updateSong
DA:1,2
DA:6,2
DA:7,0
DA:14,2
DA:15,0
DA:25,2
DA:26,0
DA:37,2
DA:43,2
LF:9
LH:6
BRF:0
BRH:0
end_of_record
TN:
SF:src/repositories/themeRepository/index.ts
FN:5,getTheme
FN:21,createTheme
FN:30,getThemeById
FN:73,getThemeByName
FN:94,findThemeByTitle
FN:105,getThemesFromUser
FN:116,deleteTheme
FN:124,updateTheme
FNF:8
FNH:0
FNDA:0,getTheme
FNDA:0,createTheme
FNDA:0,getThemeById
FNDA:0,getThemeByName
FNDA:0,findThemeByTitle
FNDA:0,getThemesFromUser
FNDA:0,deleteTheme
FNDA:0,updateTheme
DA:1,2
DA:5,2
DA:6,0
DA:21,2
DA:22,0
DA:30,2
DA:31,0
DA:73,2
DA:74,0
DA:94,2
DA:95,0
DA:105,2
DA:106,0
DA:116,2
DA:117,0
DA:124,2
DA:125,0
DA:137,2
DA:148,2
LF:19
LH:11
BRF:0
BRH:0
end_of_record
TN:
SF:src/routers/bookRouter.ts
FNF:0
FNH:0
DA:1,2
DA:2,2
DA:3,2
DA:4,2
DA:5,2
DA:7,2
DA:9,2
DA:14,2
LF:8
LH:8
BRF:0
BRH:0
end_of_record
TN:
SF:src/routers/favoriteRouter.ts
FNF:0
FNH:0
DA:1,2
DA:2,2
DA:3,2
DA:5,2
DA:7,2
DA:13,2
LF:6
LH:6
BRF:0
BRH:0
end_of_record
TN:
SF:src/routers/index.ts
FNF:0
FNH:0
DA:1,2
DA:2,2
DA:3,2
DA:4,2
DA:5,2
DA:6,2
DA:7,2
DA:8,2
LF:8
LH:8
BRF:0
BRH:0
end_of_record
TN:
SF:src/routers/movieRouter.ts
FNF:0
FNH:0
DA:1,2
DA:2,2
DA:3,2
DA:4,2
DA:5,2
DA:7,2
DA:9,2
DA:14,2
LF:8
LH:8
BRF:0
BRH:0
end_of_record
TN:
SF:src/routers/serieRouter.ts
FNF:0
FNH:0
DA:1,2
DA:2,2
DA:3,2
DA:4,2
DA:5,2
DA:7,2
DA:9,2
DA:14,2
LF:8
LH:8
BRF:0
BRH:0
end_of_record
TN:
SF:src/routers/signInRouter.ts
FNF:0
FNH:0
DA:1,2
DA:2,2
DA:3,2
DA:4,2
DA:6,2
DA:8,2
DA:10,2
LF:7
LH:7
BRF:0
BRH:0
end_of_record
TN:
SF:src/routers/singUpRoute.ts
FNF:0
FNH:0
DA:1,2
DA:2,2
DA:3,2
DA:4,2
DA:6,2
DA:8,2
DA:10,2
LF:7
LH:7
BRF:0
BRH:0
end_of_record
TN:
SF:src/routers/songRouter.ts
FNF:0
FNH:0
DA:1,2
DA:2,2
DA:3,2
DA:4,2
DA:5,2
DA:7,2
DA:9,2
DA:14,2
LF:8
LH:8
BRF:0
BRH:0
end_of_record
TN:
SF:src/routers/themeRouter.ts
FNF:0
FNH:0
DA:1,2
DA:11,2
DA:12,2
DA:13,2
DA:14,2
DA:16,2
DA:17,2
DA:27,2
LF:8
LH:8
BRF:0
BRH:0
end_of_record
TN:
SF:src/schemas/bookSchema.ts
FNF:0
FNH:0
DA:1,2
DA:3,2
DA:9,2
LF:3
LH:3
BRF:0
BRH:0
end_of_record
TN:
SF:src/schemas/index.ts
FNF:0
FNH:0
DA:1,2
DA:2,2
DA:3,2
DA:4,2
DA:5,2
DA:6,2
DA:7,2
LF:7
LH:7
BRF:0
BRH:0
end_of_record
TN:
SF:src/schemas/movieSchema.ts
FNF:0
FNH:0
DA:1,2
DA:3,2
DA:9,2
LF:3
LH:3
BRF:0
BRH:0
end_of_record
TN:
SF:src/schemas/serieSchema.ts
FNF:0
FNH:0
DA:1,2
DA:3,2
DA:9,2
LF:3
LH:3
BRF:0
BRH:0
end_of_record
TN:
SF:src/schemas/signInSchema.ts
FNF:0
FNH:0
DA:1,2
DA:3,2
LF:2
LH:2
BRF:0
BRH:0
end_of_record
TN:
SF:src/schemas/signUpSchema.ts
FNF:0
FNH:0
DA:1,2
DA:3,2
LF:2
LH:2
BRF:0
BRH:0
end_of_record
TN:
SF:src/schemas/songSchema.ts
FNF:0
FNH:0
DA:1,2
DA:3,2
DA:9,2
LF:3
LH:3
BRF:0
BRH:0
end_of_record
TN:
SF:src/schemas/themeSchema.ts
FNF:0
FNH:0
DA:1,2
DA:3,2
LF:2
LH:2
BRF:0
BRH:0
end_of_record
TN:
SF:src/services/index.ts
FNF:0
FNH:0
DA:1,2
DA:2,2
DA:3,2
DA:4,2
DA:5,2
DA:6,2
DA:7,2
DA:8,2
LF:8
LH:8
BRF:0
BRH:0
end_of_record
TN:
SF:src/services/bookService/index.ts
FN:6,getBookById
FN:11,postBook
FN:21,updateBook
FNF:3
FNH:0
FNDA:0,getBookById
FNDA:0,postBook
FNDA:0,updateBook
DA:1,2
DA:3,2
DA:6,2
DA:7,0
DA:8,0
DA:11,2
DA:12,0
DA:18,0
DA:21,2
DA:22,0
DA:24,0
DA:25,0
DA:28,2
DA:33,2
LF:14
LH:7
BRDA:8,0,0,0
BRF:1
BRH:0
end_of_record
TN:
SF:src/services/favoriteService/index.ts
FN:5,getFavorite
FN:10,postFavorite
FN:15,deleteFavorite
FN:22,getFavoriteById
FNF:4
FNH:0
FNDA:0,getFavorite
FNDA:0,postFavorite
FNDA:0,deleteFavorite
FNDA:0,getFavoriteById
DA:1,2
DA:2,2
DA:5,2
DA:6,0
DA:7,0
DA:10,2
DA:11,0
DA:12,0
DA:15,2
DA:16,0
DA:17,0
DA:19,0
DA:22,2
DA:23,0
DA:24,0
DA:27,2
DA:33,2
LF:17
LH:8
BRDA:17,0,0,0
BRF:1
BRH:0
end_of_record
TN:
SF:src/services/movieService/index.ts
FN:6,getMovieById
FN:11,postMovie
FN:21,updateMovie
FNF:3
FNH:0
FNDA:0,getMovieById
FNDA:0,postMovie
FNDA:0,updateMovie
DA:1,2
DA:3,2
DA:6,2
DA:7,0
DA:8,0
DA:11,2
DA:12,0
DA:18,0
DA:21,2
DA:22,0
DA:24,0
DA:25,0
DA:28,2
DA:34,2
LF:14
LH:7
BRDA:8,0,0,0
BRF:1
BRH:0
end_of_record
TN:
SF:src/services/serieService/index.ts
FN:7,getSerieById
FN:12,postSerie
FN:17,updateSerie
FNF:3
FNH:0
FNDA:0,getSerieById
FNDA:0,postSerie
FNDA:0,updateSerie
DA:1,2
DA:3,2
DA:7,2
DA:8,0
DA:9,0
DA:12,2
DA:13,0
DA:14,0
DA:17,2
DA:18,0
DA:20,0
DA:21,0
DA:24,2
DA:30,2
LF:14
LH:7
BRDA:9,0,0,0
BRF:1
BRH:0
end_of_record
TN:
SF:src/services/signInService/index.ts
FN:8,signIn
FN:22,verifyCredential
FN:29,verifyPassword
FNF:3
FNH:3
FNDA:4,signIn
FNDA:4,verifyCredential
FNDA:2,verifyPassword
DA:1,2
DA:2,2
DA:3,2
DA:4,2
DA:8,2
DA:9,4
DA:10,2
DA:12,2
DA:14,2
DA:22,2
DA:23,4
DA:24,4
DA:26,2
DA:29,2
DA:30,2
DA:31,2
DA:34,2
DA:38,2
LF:18
LH:18
BRDA:24,0,0,2
BRDA:31,1,0,0
BRF:2
BRH:1
end_of_record
TN:
SF:src/services/signUpService/index.ts
FN:6,signUp
FN:16,validateEmail
FNF:2
FNH:2
FNDA:4,signUp
FNDA:4,validateEmail
DA:1,2
DA:2,2
DA:3,2
DA:6,2
DA:7,4
DA:9,3
DA:11,3
DA:13,3
DA:17,4
DA:18,4
DA:21,2
DA:25,2
LF:12
LH:12
BRDA:18,0,0,1
BRF:1
BRH:1
end_of_record
TN:
SF:src/services/songService/index.ts
FN:7,getSongById
FN:12,postSong
FN:17,updateSong
FNF:3
FNH:0
FNDA:0,getSongById
FNDA:0,postSong
FNDA:0,updateSong
DA:1,2
DA:3,2
DA:7,2
DA:8,0
DA:9,0
DA:12,2
DA:13,0
DA:14,0
DA:17,2
DA:18,0
DA:20,0
DA:21,0
DA:24,2
DA:29,2
LF:14
LH:7
BRDA:9,0,0,0
BRF:1
BRH:0
end_of_record
TN:
SF:src/services/themeService/index.ts
FN:6,getTheme
FN:11,getThemeById
FN:17,getThemeByName
FN:22,createTheme
FN:29,findThemeByTitle
FN:35,getThemesFromUser
FN:40,deleteTheme
FN:44,updateTheme
FNF:8
FNH:0
FNDA:0,getTheme
FNDA:0,getThemeById
FNDA:0,getThemeByName
FNDA:0,createTheme
FNDA:0,findThemeByTitle
FNDA:0,getThemesFromUser
FNDA:0,deleteTheme
FNDA:0,updateTheme
DA:1,2
DA:3,2
DA:6,2
DA:7,0
DA:8,0
DA:11,2
DA:12,0
DA:13,0
DA:14,0
DA:17,2
DA:18,0
DA:19,0
DA:22,2
DA:23,0
DA:25,0
DA:26,0
DA:29,2
DA:30,0
DA:31,0
DA:32,0
DA:35,2
DA:36,0
DA:37,0
DA:40,2
DA:41,0
DA:44,2
DA:45,0
DA:46,0
DA:49,2
DA:59,2
LF:30
LH:12
BRDA:13,0,0,0
BRDA:31,1,0,0
BRF:2
BRH:0
end_of_record
